<?xml version="1.0" encoding="utf-8" ?>
<!DOCTYPE html PUBLIC "-//W3C//DTD XHTML 1.0 Strict//EN"
        "http://www.w3.org/TR/xhtml1/DTD/xhtml1-strict.dtd">
<html xmlns="http://www.w3.org/1999/xhtml" xml:lang="" lang="">
<head>
  <title>Test Results Report - Login Test</title>
  <meta http-equiv="Content-Type" content="text/html;charset=utf-8" />
  <meta name="description" content="TestNG unit test results." />
  <link href="reportng.css" rel="stylesheet" type="text/css" />
    <script type="text/javascript" src="reportng.js"></script>
</head>
<body>
<h1>Login Test</h1>
<p>
  Test duration: 101.369s
</p>



  <table class="resultsTable">
    <tr><th colspan="3" class="header failed">Failed Tests</th></tr>
          <tr>
        <td colspan="3" class="group">com.tutorialninja.testsuite.AccountLoginPageTest</td>
      </tr>
            
<tr>
  <td class="method">
                  verifyThatUserShouldLoginAndLogoutSuccessfully
      </td>
  <td class="duration">
    0.007s
  </td>
  <td class="result">
        
    
            <div class="testOutput">
                        Click to see screenshot
                                <a target = "_blank" href=C:\Users\Manisha\IdeaProjects\testng-tutorialninja.com-hw-week15/test-output/html/verifyThatUserShouldLoginAndLogoutSuccessfullyWed_Dec_14_00_02_16_GMT_2022.jpg>Screenshot</a>
                                <br>
                                <br>
                                <a target = "_blank" href=C:\Users\Manisha\IdeaProjects\testng-tutorialninja.com-hw-week15/test-output/html/verifyThatUserShouldLoginAndLogoutSuccessfullyWed_Dec_14_00_02_16_GMT_2022.jpg><img src=C:\Users\Manisha\IdeaProjects\testng-tutorialninja.com-hw-week15/test-output/html/verifyThatUserShouldLoginAndLogoutSuccessfullyWed_Dec_14_00_02_16_GMT_2022.jpg height=200 width=200></img></a>
                  </div>
    

        <a href="javascript:toggleElement('exception-0', 'block')" title="Click to expand/collapse"><b>java.lang.NullPointerException</b></a><br />
    <div class="stackTrace" id="exception-0">
              org.openqa.selenium.support.pagefactory.DefaultElementLocator.findElement(DefaultElementLocator.java:70)<br />
              org.openqa.selenium.support.pagefactory.internal.LocatingElementHandler.invoke(LocatingElementHandler.java:39)<br />
              com.sun.proxy.$Proxy9.toString(Unknown Source)<br />
              java.lang.String.valueOf(String.java:2994)<br />
              java.lang.StringBuilder.append(StringBuilder.java:131)<br />
              com.tutorialninja.pages.HomePage.clickOnMyQAccountTab(HomePage.java:80)<br />
              com.tutorialninja.testsuite.AccountLoginPageTest.verifyThatUserShouldLoginAndLogoutSuccessfully(AccountLoginPageTest.java:27)<br />
              sun.reflect.NativeMethodAccessorImpl.invoke0(Native Method)<br />
              sun.reflect.NativeMethodAccessorImpl.invoke(NativeMethodAccessorImpl.java:62)<br />
              sun.reflect.DelegatingMethodAccessorImpl.invoke(DelegatingMethodAccessorImpl.java:43)<br />
              java.lang.reflect.Method.invoke(Method.java:498)<br />
              org.testng.internal.invokers.MethodInvocationHelper.invokeMethod(MethodInvocationHelper.java:135)<br />
              org.testng.internal.invokers.TestInvoker.invokeMethod(TestInvoker.java:673)<br />
              org.testng.internal.invokers.TestInvoker.invokeTestMethod(TestInvoker.java:220)<br />
              org.testng.internal.invokers.MethodRunner.runInSequence(MethodRunner.java:50)<br />
              org.testng.internal.invokers.TestInvoker$MethodInvocationAgent.invoke(TestInvoker.java:945)<br />
              org.testng.internal.invokers.TestInvoker.invokeTestMethods(TestInvoker.java:193)<br />
              org.testng.internal.invokers.TestMethodWorker.invokeTestMethods(TestMethodWorker.java:146)<br />
              org.testng.internal.invokers.TestMethodWorker.run(TestMethodWorker.java:128)<br />
              java.util.ArrayList.forEach(ArrayList.java:1249)<br />
              org.testng.TestRunner.privateRun(TestRunner.java:808)<br />
              org.testng.TestRunner.run(TestRunner.java:603)<br />
              org.testng.SuiteRunner.runTest(SuiteRunner.java:429)<br />
              org.testng.SuiteRunner.runSequentially(SuiteRunner.java:423)<br />
              org.testng.SuiteRunner.privateRun(SuiteRunner.java:383)<br />
              org.testng.SuiteRunner.run(SuiteRunner.java:326)<br />
              org.testng.SuiteRunnerWorker.runSuite(SuiteRunnerWorker.java:52)<br />
              org.testng.SuiteRunnerWorker.run(SuiteRunnerWorker.java:95)<br />
              org.testng.TestNG.runSuitesSequentially(TestNG.java:1249)<br />
              org.testng.TestNG.runSuitesLocally(TestNG.java:1169)<br />
              org.testng.TestNG.runSuites(TestNG.java:1092)<br />
              org.testng.TestNG.run(TestNG.java:1060)<br />
              com.intellij.rt.testng.IDEARemoteTestNG.run(IDEARemoteTestNG.java:66)<br />
              com.intellij.rt.testng.RemoteTestNGStarter.main(RemoteTestNGStarter.java:109)<br />
                </div>
      </td>
</tr>
<tr>
  <td class="method">
                  verifyUserShouldNavigateToLoginPageSuccessfully
      </td>
  <td class="duration">
    0.000s
  </td>
  <td class="result">
        
    
            <div class="testOutput">
                        Click to see screenshot
                                <a target = "_blank" href=C:\Users\Manisha\IdeaProjects\testng-tutorialninja.com-hw-week15/test-output/html/verifyUserShouldNavigateToLoginPageSuccessfullyWed_Dec_14_00_02_20_GMT_2022.jpg>Screenshot</a>
                                <br>
                                <br>
                                <a target = "_blank" href=C:\Users\Manisha\IdeaProjects\testng-tutorialninja.com-hw-week15/test-output/html/verifyUserShouldNavigateToLoginPageSuccessfullyWed_Dec_14_00_02_20_GMT_2022.jpg><img src=C:\Users\Manisha\IdeaProjects\testng-tutorialninja.com-hw-week15/test-output/html/verifyUserShouldNavigateToLoginPageSuccessfullyWed_Dec_14_00_02_20_GMT_2022.jpg height=200 width=200></img></a>
                  </div>
    

        <a href="javascript:toggleElement('exception-1', 'block')" title="Click to expand/collapse"><b>java.lang.NullPointerException</b></a><br />
    <div class="stackTrace" id="exception-1">
              org.openqa.selenium.support.pagefactory.DefaultElementLocator.findElement(DefaultElementLocator.java:70)<br />
              org.openqa.selenium.support.pagefactory.internal.LocatingElementHandler.invoke(LocatingElementHandler.java:39)<br />
              com.sun.proxy.$Proxy9.toString(Unknown Source)<br />
              java.lang.String.valueOf(String.java:2994)<br />
              java.lang.StringBuilder.append(StringBuilder.java:131)<br />
              com.tutorialninja.pages.HomePage.clickOnMyQAccountTab(HomePage.java:80)<br />
              com.tutorialninja.testsuite.AccountLoginPageTest.verifyUserShouldNavigateToLoginPageSuccessfully(AccountLoginPageTest.java:19)<br />
              sun.reflect.NativeMethodAccessorImpl.invoke0(Native Method)<br />
              sun.reflect.NativeMethodAccessorImpl.invoke(NativeMethodAccessorImpl.java:62)<br />
              sun.reflect.DelegatingMethodAccessorImpl.invoke(DelegatingMethodAccessorImpl.java:43)<br />
              java.lang.reflect.Method.invoke(Method.java:498)<br />
              org.testng.internal.invokers.MethodInvocationHelper.invokeMethod(MethodInvocationHelper.java:135)<br />
              org.testng.internal.invokers.TestInvoker.invokeMethod(TestInvoker.java:673)<br />
              org.testng.internal.invokers.TestInvoker.invokeTestMethod(TestInvoker.java:220)<br />
              org.testng.internal.invokers.MethodRunner.runInSequence(MethodRunner.java:50)<br />
              org.testng.internal.invokers.TestInvoker$MethodInvocationAgent.invoke(TestInvoker.java:945)<br />
              org.testng.internal.invokers.TestInvoker.invokeTestMethods(TestInvoker.java:193)<br />
              org.testng.internal.invokers.TestMethodWorker.invokeTestMethods(TestMethodWorker.java:146)<br />
              org.testng.internal.invokers.TestMethodWorker.run(TestMethodWorker.java:128)<br />
              java.util.ArrayList.forEach(ArrayList.java:1249)<br />
              org.testng.TestRunner.privateRun(TestRunner.java:808)<br />
              org.testng.TestRunner.run(TestRunner.java:603)<br />
              org.testng.SuiteRunner.runTest(SuiteRunner.java:429)<br />
              org.testng.SuiteRunner.runSequentially(SuiteRunner.java:423)<br />
              org.testng.SuiteRunner.privateRun(SuiteRunner.java:383)<br />
              org.testng.SuiteRunner.run(SuiteRunner.java:326)<br />
              org.testng.SuiteRunnerWorker.runSuite(SuiteRunnerWorker.java:52)<br />
              org.testng.SuiteRunnerWorker.run(SuiteRunnerWorker.java:95)<br />
              org.testng.TestNG.runSuitesSequentially(TestNG.java:1249)<br />
              org.testng.TestNG.runSuitesLocally(TestNG.java:1169)<br />
              org.testng.TestNG.runSuites(TestNG.java:1092)<br />
              org.testng.TestNG.run(TestNG.java:1060)<br />
              com.intellij.rt.testng.IDEARemoteTestNG.run(IDEARemoteTestNG.java:66)<br />
              com.intellij.rt.testng.RemoteTestNGStarter.main(RemoteTestNGStarter.java:109)<br />
                </div>
      </td>
</tr>
          <tr>
        <td colspan="3" class="group">com.tutorialninja.testsuite.AccountRegisterPageTest</td>
      </tr>
            
<tr>
  <td class="method">
                  verifyThatUserShouldLoginAndLogoutSuccessfully
      </td>
  <td class="duration">
    22.079s
  </td>
  <td class="result">
        
    
            <div class="testOutput">
                        click on account tab[[ChromeDriver: chrome on WINDOWS (13860fbba8376cd0b14fb3cb225f87f6)] -> xpath: //span[contains(text(),'My Account')]]
                                 enter first name[[ChromeDriver: chrome on WINDOWS (13860fbba8376cd0b14fb3cb225f87f6)] -> id: input-firstname]
                                 enter last name[[ChromeDriver: chrome on WINDOWS (13860fbba8376cd0b14fb3cb225f87f6)] -> id: input-lastname]
                                 enter email in email field[[ChromeDriver: chrome on WINDOWS (13860fbba8376cd0b14fb3cb225f87f6)] -> id: input-email]
                                 enter telephone number[[ChromeDriver: chrome on WINDOWS (13860fbba8376cd0b14fb3cb225f87f6)] -> id: input-telephone]
                                 enter password[[ChromeDriver: chrome on WINDOWS (13860fbba8376cd0b14fb3cb225f87f6)] -> id: input-password]
                                 re enter password[[ChromeDriver: chrome on WINDOWS (13860fbba8376cd0b14fb3cb225f87f6)] -> id: input-confirm]
                                 select subscription from optionBy.xpath: //fieldset[3]//input
                                 click on privacy check box[[ChromeDriver: chrome on WINDOWS (13860fbba8376cd0b14fb3cb225f87f6)] -> xpath: //div[@class = 'buttons']//input[@name='agree']]
                                 continue button[[ChromeDriver: chrome on WINDOWS (13860fbba8376cd0b14fb3cb225f87f6)] -> xpath: //div[@class = 'buttons']//input[@value='Continue']]
                                get text account has been created[[ChromeDriver: chrome on WINDOWS (13860fbba8376cd0b14fb3cb225f87f6)] -> xpath: //h1[contains(text(),'Your Account Has Been Created!')]]
                                 click on continue button[[ChromeDriver: chrome on WINDOWS (13860fbba8376cd0b14fb3cb225f87f6)] -> xpath: //a[contains(text(),'Continue')]]
                                click on account tab[[ChromeDriver: chrome on WINDOWS (13860fbba8376cd0b14fb3cb225f87f6)] -> xpath: //span[contains(text(),'My Account')]]
                                Click to see screenshot
                                <a target = "_blank" href=C:\Users\Manisha\IdeaProjects\testng-tutorialninja.com-hw-week15/test-output/html/verifyThatUserShouldLoginAndLogoutSuccessfullyWed_Dec_14_00_02_46_GMT_2022.jpg>Screenshot</a>
                                <br>
                                <br>
                                <a target = "_blank" href=C:\Users\Manisha\IdeaProjects\testng-tutorialninja.com-hw-week15/test-output/html/verifyThatUserShouldLoginAndLogoutSuccessfullyWed_Dec_14_00_02_46_GMT_2022.jpg><img src=C:\Users\Manisha\IdeaProjects\testng-tutorialninja.com-hw-week15/test-output/html/verifyThatUserShouldLoginAndLogoutSuccessfullyWed_Dec_14_00_02_46_GMT_2022.jpg height=200 width=200></img></a>
                  </div>
    

        <a href="javascript:toggleElement('exception-2', 'block')" title="Click to expand/collapse"><b>org.openqa.selenium.StaleElementReferenceException: stale element reference: element is not attached to the page document<br/>
&nbsp; (Session info: chrome=108.0.5359.99)<br/>
For documentation on this error, please visit: https://selenium.dev/exceptions/#stale_element_reference<br/>
Build info: version: &apos;4.6.0&apos;, revision: &apos;79f1c02ae20&apos;<br/>
System info: os.name: &apos;Windows 10&apos;, os.arch: &apos;amd64&apos;, os.version: &apos;10.0&apos;, java.version: &apos;1.8.0_121&apos;<br/>
Driver info: org.openqa.selenium.chrome.ChromeDriver<br/>
Command: [13860fbba8376cd0b14fb3cb225f87f6, clickElement {id=79bfb60c-a87f-43a8-9843-0057f5209bbb}]<br/>
Capabilities {acceptInsecureCerts: false, browserName: chrome, browserVersion: 108.0.5359.99, chrome: {chromedriverVersion: 108.0.5359.71 (1e0e3868ee06..., userDataDir: C:\Users\Manisha\AppData\Lo...}, goog:chromeOptions: {debuggerAddress: localhost:55115}, networkConnectionEnabled: false, pageLoadStrategy: normal, platformName: WINDOWS, proxy: Proxy(), se:cdp: ws://localhost:55115/devtoo..., se:cdpVersion: 108.0.5359.99, setWindowRect: true, strictFileInteractability: false, timeouts: {implicit: 0, pageLoad: 300000, script: 30000}, unhandledPromptBehavior: dismiss and notify, webauthn:extension:credBlob: true, webauthn:extension:largeBlob: true, webauthn:virtualAuthenticators: true}<br/>
Element: [[ChromeDriver: chrome on WINDOWS (13860fbba8376cd0b14fb3cb225f87f6)] -&gt; xpath: //span[contains(text(),&apos;My Account&apos;)]]<br/>
Session ID: 13860fbba8376cd0b14fb3cb225f87f6</b></a><br />
    <div class="stackTrace" id="exception-2">
              sun.reflect.NativeConstructorAccessorImpl.newInstance0(Native Method)<br />
              sun.reflect.NativeConstructorAccessorImpl.newInstance(NativeConstructorAccessorImpl.java:62)<br />
              sun.reflect.DelegatingConstructorAccessorImpl.newInstance(DelegatingConstructorAccessorImpl.java:45)<br />
              java.lang.reflect.Constructor.newInstance(Constructor.java:423)<br />
              org.openqa.selenium.remote.codec.w3c.W3CHttpResponseCodec.createException(W3CHttpResponseCodec.java:200)<br />
              org.openqa.selenium.remote.codec.w3c.W3CHttpResponseCodec.decode(W3CHttpResponseCodec.java:133)<br />
              org.openqa.selenium.remote.codec.w3c.W3CHttpResponseCodec.decode(W3CHttpResponseCodec.java:53)<br />
              org.openqa.selenium.remote.HttpCommandExecutor.execute(HttpCommandExecutor.java:184)<br />
              org.openqa.selenium.remote.service.DriverCommandExecutor.invokeExecute(DriverCommandExecutor.java:167)<br />
              org.openqa.selenium.remote.service.DriverCommandExecutor.execute(DriverCommandExecutor.java:142)<br />
              org.openqa.selenium.remote.RemoteWebDriver.execute(RemoteWebDriver.java:541)<br />
              org.openqa.selenium.remote.RemoteWebElement.execute(RemoteWebElement.java:257)<br />
              org.openqa.selenium.remote.RemoteWebElement.click(RemoteWebElement.java:78)<br />
              sun.reflect.NativeMethodAccessorImpl.invoke0(Native Method)<br />
              sun.reflect.NativeMethodAccessorImpl.invoke(NativeMethodAccessorImpl.java:62)<br />
              sun.reflect.DelegatingMethodAccessorImpl.invoke(DelegatingMethodAccessorImpl.java:43)<br />
              java.lang.reflect.Method.invoke(Method.java:498)<br />
              org.openqa.selenium.support.pagefactory.internal.LocatingElementHandler.invoke(LocatingElementHandler.java:52)<br />
              com.sun.proxy.$Proxy9.click(Unknown Source)<br />
              com.tutorialninja.utility.UtilityClass.clickOnElement(UtilityClass.java:51)<br />
              com.tutorialninja.pages.HomePage.clickOnMyQAccountTab(HomePage.java:81)<br />
              com.tutorialninja.testsuite.AccountRegisterPageTest.verifyThatUserShouldLoginAndLogoutSuccessfully(AccountRegisterPageTest.java:50)<br />
              sun.reflect.NativeMethodAccessorImpl.invoke0(Native Method)<br />
              sun.reflect.NativeMethodAccessorImpl.invoke(NativeMethodAccessorImpl.java:62)<br />
              sun.reflect.DelegatingMethodAccessorImpl.invoke(DelegatingMethodAccessorImpl.java:43)<br />
              java.lang.reflect.Method.invoke(Method.java:498)<br />
              org.testng.internal.invokers.MethodInvocationHelper.invokeMethod(MethodInvocationHelper.java:135)<br />
              org.testng.internal.invokers.TestInvoker.invokeMethod(TestInvoker.java:673)<br />
              org.testng.internal.invokers.TestInvoker.invokeTestMethod(TestInvoker.java:220)<br />
              org.testng.internal.invokers.MethodRunner.runInSequence(MethodRunner.java:50)<br />
              org.testng.internal.invokers.TestInvoker$MethodInvocationAgent.invoke(TestInvoker.java:945)<br />
              org.testng.internal.invokers.TestInvoker.invokeTestMethods(TestInvoker.java:193)<br />
              org.testng.internal.invokers.TestMethodWorker.invokeTestMethods(TestMethodWorker.java:146)<br />
              org.testng.internal.invokers.TestMethodWorker.run(TestMethodWorker.java:128)<br />
              java.util.ArrayList.forEach(ArrayList.java:1249)<br />
              org.testng.TestRunner.privateRun(TestRunner.java:808)<br />
              org.testng.TestRunner.run(TestRunner.java:603)<br />
              org.testng.SuiteRunner.runTest(SuiteRunner.java:429)<br />
              org.testng.SuiteRunner.runSequentially(SuiteRunner.java:423)<br />
              org.testng.SuiteRunner.privateRun(SuiteRunner.java:383)<br />
              org.testng.SuiteRunner.run(SuiteRunner.java:326)<br />
              org.testng.SuiteRunnerWorker.runSuite(SuiteRunnerWorker.java:52)<br />
              org.testng.SuiteRunnerWorker.run(SuiteRunnerWorker.java:95)<br />
              org.testng.TestNG.runSuitesSequentially(TestNG.java:1249)<br />
              org.testng.TestNG.runSuitesLocally(TestNG.java:1169)<br />
              org.testng.TestNG.runSuites(TestNG.java:1092)<br />
              org.testng.TestNG.run(TestNG.java:1060)<br />
              com.intellij.rt.testng.IDEARemoteTestNG.run(IDEARemoteTestNG.java:66)<br />
              com.intellij.rt.testng.RemoteTestNGStarter.main(RemoteTestNGStarter.java:109)<br />
                </div>
      </td>
</tr>
          <tr>
        <td colspan="3" class="group">com.tutorialninja.testsuite.DesktopsPageTest</td>
      </tr>
            
<tr>
  <td class="method">
                  verifyProductAddedToShoppingCartSuccessFully
      </td>
  <td class="duration">
    9.831s
  </td>
  <td class="result">
        
    
            <div class="testOutput">
                        click on desktop link[[ChromeDriver: chrome on WINDOWS (4b04403203301d575b4873976275f0e0)] -> link text: Desktops]
                                select from option[[ChromeDriver: chrome on WINDOWS (4b04403203301d575b4873976275f0e0)] -> id: input-sort]
                                get text[[ChromeDriver: chrome on WINDOWS (4b04403203301d575b4873976275f0e0)] -> xpath: //div[@id = 'content']//h1]
                                click on add to cart button[[ChromeDriver: chrome on WINDOWS (4b04403203301d575b4873976275f0e0)] -> xpath: //button[@id='button-cart']]
                                 get text from shopping cart[[ChromeDriver: chrome on WINDOWS (4b04403203301d575b4873976275f0e0)] -> xpath: //div[@id='content']//h1]
                                Click to see screenshot
                                <a target = "_blank" href=C:\Users\Manisha\IdeaProjects\testng-tutorialninja.com-hw-week15/test-output/html/verifyProductAddedToShoppingCartSuccessFullyWed_Dec_14_00_03_23_GMT_2022.jpg>Screenshot</a>
                                <br>
                                <br>
                                <a target = "_blank" href=C:\Users\Manisha\IdeaProjects\testng-tutorialninja.com-hw-week15/test-output/html/verifyProductAddedToShoppingCartSuccessFullyWed_Dec_14_00_03_23_GMT_2022.jpg><img src=C:\Users\Manisha\IdeaProjects\testng-tutorialninja.com-hw-week15/test-output/html/verifyProductAddedToShoppingCartSuccessFullyWed_Dec_14_00_03_23_GMT_2022.jpg height=200 width=200></img></a>
                  </div>
    

        <a href="javascript:toggleElement('exception-3', 'block')" title="Click to expand/collapse"><b>java.lang.AssertionError: expected [true] but found [false]</b></a><br />
    <div class="stackTrace" id="exception-3">
              org.testng.Assert.fail(Assert.java:110)<br />
              org.testng.Assert.failNotEquals(Assert.java:1413)<br />
              org.testng.Assert.assertTrue(Assert.java:56)<br />
              org.testng.Assert.assertTrue(Assert.java:66)<br />
              com.tutorialninja.testsuite.DesktopsPageTest.verifyProductAddedToShoppingCartSuccessFully(DesktopsPageTest.java:57)<br />
              sun.reflect.NativeMethodAccessorImpl.invoke0(Native Method)<br />
              sun.reflect.NativeMethodAccessorImpl.invoke(NativeMethodAccessorImpl.java:62)<br />
              sun.reflect.DelegatingMethodAccessorImpl.invoke(DelegatingMethodAccessorImpl.java:43)<br />
              java.lang.reflect.Method.invoke(Method.java:498)<br />
              org.testng.internal.invokers.MethodInvocationHelper.invokeMethod(MethodInvocationHelper.java:135)<br />
              org.testng.internal.invokers.TestInvoker.invokeMethod(TestInvoker.java:673)<br />
              org.testng.internal.invokers.TestInvoker.invokeTestMethod(TestInvoker.java:220)<br />
              org.testng.internal.invokers.MethodRunner.runInSequence(MethodRunner.java:50)<br />
              org.testng.internal.invokers.TestInvoker$MethodInvocationAgent.invoke(TestInvoker.java:945)<br />
              org.testng.internal.invokers.TestInvoker.invokeTestMethods(TestInvoker.java:193)<br />
              org.testng.internal.invokers.TestMethodWorker.invokeTestMethods(TestMethodWorker.java:146)<br />
              org.testng.internal.invokers.TestMethodWorker.run(TestMethodWorker.java:128)<br />
              java.util.ArrayList.forEach(ArrayList.java:1249)<br />
              org.testng.TestRunner.privateRun(TestRunner.java:808)<br />
              org.testng.TestRunner.run(TestRunner.java:603)<br />
              org.testng.SuiteRunner.runTest(SuiteRunner.java:429)<br />
              org.testng.SuiteRunner.runSequentially(SuiteRunner.java:423)<br />
              org.testng.SuiteRunner.privateRun(SuiteRunner.java:383)<br />
              org.testng.SuiteRunner.run(SuiteRunner.java:326)<br />
              org.testng.SuiteRunnerWorker.runSuite(SuiteRunnerWorker.java:52)<br />
              org.testng.SuiteRunnerWorker.run(SuiteRunnerWorker.java:95)<br />
              org.testng.TestNG.runSuitesSequentially(TestNG.java:1249)<br />
              org.testng.TestNG.runSuitesLocally(TestNG.java:1169)<br />
              org.testng.TestNG.runSuites(TestNG.java:1092)<br />
              org.testng.TestNG.run(TestNG.java:1060)<br />
              com.intellij.rt.testng.IDEARemoteTestNG.run(IDEARemoteTestNG.java:66)<br />
              com.intellij.rt.testng.RemoteTestNGStarter.main(RemoteTestNGStarter.java:109)<br />
                </div>
      </td>
</tr>
          <tr>
        <td colspan="3" class="group">com.tutorialninja.testsuite.LaptopsAndNotebooksPageTest</td>
      </tr>
            
<tr>
  <td class="method">
                  verifyThatUserPlaceOrderSuccessfully
      </td>
  <td class="duration">
    4.052s
  </td>
  <td class="result">
        
    
            <div class="testOutput">
                        click on laptop and notebook link[[ChromeDriver: chrome on WINDOWS (8d7de1d2189fd72cef8ef9b2abbf01ba)] -> link text: Laptops & Notebooks]
                                get text[[ChromeDriver: chrome on WINDOWS (8d7de1d2189fd72cef8ef9b2abbf01ba)] -> xpath: //div[@id = 'content']//h1]
                                click on add to cart button[[ChromeDriver: chrome on WINDOWS (8d7de1d2189fd72cef8ef9b2abbf01ba)] -> xpath: //button[@id='button-cart']]
                                 get text from shopping cart[[ChromeDriver: chrome on WINDOWS (8d7de1d2189fd72cef8ef9b2abbf01ba)] -> xpath: //div[@id='content']//h1]
                                 get product name[[ChromeDriver: chrome on WINDOWS (8d7de1d2189fd72cef8ef9b2abbf01ba)] -> xpath: //div[@class = 'table-responsive']/table/tbody/tr/td[2]/a]
                                qty changeBy.xpath: //input[contains(@name, 'quantity')]
                                qty update By.xpath: //button[contains(@data-original-title, 'Update')]
                                modified messageBy.xpath: //div[@id='checkout-cart']/div[1]
                                get totalBy.xpath: //div[@class = 'table-responsive']/table/tbody/tr/td[6]
                                Click to see screenshot
                                <a target = "_blank" href=C:\Users\Manisha\IdeaProjects\testng-tutorialninja.com-hw-week15/test-output/html/verifyThatUserPlaceOrderSuccessfullyWed_Dec_14_00_03_41_GMT_2022.jpg>Screenshot</a>
                                <br>
                                <br>
                                <a target = "_blank" href=C:\Users\Manisha\IdeaProjects\testng-tutorialninja.com-hw-week15/test-output/html/verifyThatUserPlaceOrderSuccessfullyWed_Dec_14_00_03_41_GMT_2022.jpg><img src=C:\Users\Manisha\IdeaProjects\testng-tutorialninja.com-hw-week15/test-output/html/verifyThatUserPlaceOrderSuccessfullyWed_Dec_14_00_03_41_GMT_2022.jpg height=200 width=200></img></a>
                  </div>
    

        <a href="javascript:toggleElement('exception-4', 'block')" title="Click to expand/collapse"><b>java.lang.AssertionError: The following asserts failed:<br/>
	Total not matched expected [£737.45] but found [£4,424.70]</b></a><br />
    <div class="stackTrace" id="exception-4">
              org.testng.asserts.SoftAssert.assertAll(SoftAssert.java:46)<br />
              org.testng.asserts.SoftAssert.assertAll(SoftAssert.java:30)<br />
              com.tutorialninja.testsuite.LaptopsAndNotebooksPageTest.verifyThatUserPlaceOrderSuccessfully(LaptopsAndNotebooksPageTest.java:69)<br />
              sun.reflect.NativeMethodAccessorImpl.invoke0(Native Method)<br />
              sun.reflect.NativeMethodAccessorImpl.invoke(NativeMethodAccessorImpl.java:62)<br />
              sun.reflect.DelegatingMethodAccessorImpl.invoke(DelegatingMethodAccessorImpl.java:43)<br />
              java.lang.reflect.Method.invoke(Method.java:498)<br />
              org.testng.internal.invokers.MethodInvocationHelper.invokeMethod(MethodInvocationHelper.java:135)<br />
              org.testng.internal.invokers.TestInvoker.invokeMethod(TestInvoker.java:673)<br />
              org.testng.internal.invokers.TestInvoker.invokeTestMethod(TestInvoker.java:220)<br />
              org.testng.internal.invokers.MethodRunner.runInSequence(MethodRunner.java:50)<br />
              org.testng.internal.invokers.TestInvoker$MethodInvocationAgent.invoke(TestInvoker.java:945)<br />
              org.testng.internal.invokers.TestInvoker.invokeTestMethods(TestInvoker.java:193)<br />
              org.testng.internal.invokers.TestMethodWorker.invokeTestMethods(TestMethodWorker.java:146)<br />
              org.testng.internal.invokers.TestMethodWorker.run(TestMethodWorker.java:128)<br />
              java.util.ArrayList.forEach(ArrayList.java:1249)<br />
              org.testng.TestRunner.privateRun(TestRunner.java:808)<br />
              org.testng.TestRunner.run(TestRunner.java:603)<br />
              org.testng.SuiteRunner.runTest(SuiteRunner.java:429)<br />
              org.testng.SuiteRunner.runSequentially(SuiteRunner.java:423)<br />
              org.testng.SuiteRunner.privateRun(SuiteRunner.java:383)<br />
              org.testng.SuiteRunner.run(SuiteRunner.java:326)<br />
              org.testng.SuiteRunnerWorker.runSuite(SuiteRunnerWorker.java:52)<br />
              org.testng.SuiteRunnerWorker.run(SuiteRunnerWorker.java:95)<br />
              org.testng.TestNG.runSuitesSequentially(TestNG.java:1249)<br />
              org.testng.TestNG.runSuitesLocally(TestNG.java:1169)<br />
              org.testng.TestNG.runSuites(TestNG.java:1092)<br />
              org.testng.TestNG.run(TestNG.java:1060)<br />
              com.intellij.rt.testng.IDEARemoteTestNG.run(IDEARemoteTestNG.java:66)<br />
              com.intellij.rt.testng.RemoteTestNGStarter.main(RemoteTestNGStarter.java:109)<br />
                </div>
      </td>
</tr>
      </table>


  <table class="resultsTable">
    <tr><th colspan="3" class="header passed">Passed Tests</th></tr>
          <tr>
        <td colspan="3" class="group">com.tutorialninja.testsuite.AccountRegisterPageTest</td>
      </tr>
            
<tr>
  <td class="method">
                  verifyUserShouldNavigateToLoginPageSuccessfully
      </td>
  <td class="duration">
    20.579s
  </td>
  <td class="result">
        
    
            <div class="testOutput">
                        click on account tab[[ChromeDriver: chrome on WINDOWS (69654804df6e347d5a331170a1c65c62)] -> xpath: //span[contains(text(),'My Account')]]
                                 get text from register account[[ChromeDriver: chrome on WINDOWS (69654804df6e347d5a331170a1c65c62)] -> xpath: //h1[contains(text(),'Register Account')]]
                  </div>
    

      </td>
</tr>
          <tr>
        <td colspan="3" class="group">com.tutorialninja.testsuite.DesktopsPageTest</td>
      </tr>
            
<tr>
  <td class="method">
                  verifyProductArrangeInAlphabeticalOrder
      </td>
  <td class="duration">
    2.212s
  </td>
  <td class="result">
        
    
            <div class="testOutput">
                        click on desktop link[[ChromeDriver: chrome on WINDOWS (97c6a271b43780b1ea91fb3c3e2e4234)] -> link text: Desktops]
                                By.xpath: //h4/a
                                select from option[[ChromeDriver: chrome on WINDOWS (97c6a271b43780b1ea91fb3c3e2e4234)] -> id: input-sort]
                                By.xpath: //h4/a
                  </div>
    

      </td>
</tr>
          <tr>
        <td colspan="3" class="group">com.tutorialninja.testsuite.LaptopsAndNotebooksPageTest</td>
      </tr>
            
<tr>
  <td class="method">
                  verifyProductsPriceDisplayHighToLowSuccessfully
      </td>
  <td class="duration">
    1.773s
  </td>
  <td class="result">
        
    
            <div class="testOutput">
                        click on laptop and notebook link[[ChromeDriver: chrome on WINDOWS (e71bdf1a5652fd41f0d483654e2e3b5b)] -> link text: Laptops & Notebooks]
                  </div>
    

      </td>
</tr>
          <tr>
        <td colspan="3" class="group">com.tutorialninja.testsuite.TopMenuTest</td>
      </tr>
            
<tr>
  <td class="method">
                  verifyUserShouldNavigateToComponentsPageSuccessfully
      </td>
  <td class="duration">
    0.565s
  </td>
  <td class="result">
        
    
            <div class="testOutput">
                        click on components link[[ChromeDriver: chrome on WINDOWS (111c930aaef818c6fb56c81a617aed69)] -> link text: Components]
                                get text[[ChromeDriver: chrome on WINDOWS (111c930aaef818c6fb56c81a617aed69)] -> xpath: //h2[contains(text(),'Components')]]
                  </div>
    

      </td>
</tr>
<tr>
  <td class="method">
                  verifyUserShouldNavigateToDesktopsPageSuccessfully
      </td>
  <td class="duration">
    0.929s
  </td>
  <td class="result">
        
    
            <div class="testOutput">
                        click on desktop link[[ChromeDriver: chrome on WINDOWS (3121670d76ee1aed5c2c1ba33fe18c97)] -> link text: Desktops]
                  </div>
    

      </td>
</tr>
<tr>
  <td class="method">
                  verifyUserShouldNavigateToLaptopsAndNotebooksPageSuccessfully
      </td>
  <td class="duration">
    0.716s
  </td>
  <td class="result">
        
    
            <div class="testOutput">
                        click on laptop and notebook link[[ChromeDriver: chrome on WINDOWS (581ecff6df1684f83172abe1fc245659)] -> link text: Laptops & Notebooks]
                  </div>
    

      </td>
</tr>
      </table>
  
</body>
</html>
