<!DOCTYPE html PUBLIC "-//W3C//DTD XHTML 1.1//EN" "https://www.w3.org/TR/xhtml11/DTD/xhtml11.dtd">
<html xmlns="https://www.w3.org/1999/xhtml">
<head>
<meta http-equiv="content-type" content="text/html; charset=UTF-8"/>
<title>TestNG Report</title>
<style type="text/css">table {margin-bottom:10px;border-collapse:collapse;empty-cells:show}th,td {border:1px solid #009;padding:.25em .5em}th {vertical-align:bottom}td {vertical-align:top}table a {font-weight:bold}.stripe td {background-color: #E6EBF9}.num {text-align:right}.passedodd td {background-color: #3F3}.passedeven td {background-color: #0A0}.skippedodd td {background-color: #DDD}.skippedeven td {background-color: #CCC}.failedodd td,.attn {background-color: #F33}.failedeven td,.stripe .attn {background-color: #D00}.stacktrace {white-space:pre;font-family:monospace}.totop {font-size:85%;text-align:center;border-bottom:2px solid #000}.invisible {display:none}</style>
</head>
<body>
<table>
<tr><th>Test</th><th># Passed</th><th># Skipped</th><th># Retried</th><th># Failed</th><th>Time (ms)</th><th>Included Groups</th><th>Excluded Groups</th></tr>
<tr><th colspan="8">testsuite</th></tr>
<tr><td><a href="#t0">Login Test</a></td><td class="num">6</td><td class="num">0</td><td class="num">0</td><td class="num attn">5</td><td class="num">102,777</td><td></td><td></td></tr>
</table>
<table id='summary'><thead><tr><th>Class</th><th>Method</th><th>Start</th><th>Time (ms)</th></tr></thead><tbody><tr><th colspan="4">testsuite</th></tr></tbody><tbody id="t0"><tr><th colspan="4">Login Test &#8212; failed</th></tr><tr class="failedeven"><td rowspan="2">com.tutorialninja.testsuite.AccountLoginPageTest</td><td><a href="#m0">verifyThatUserShouldLoginAndLogoutSuccessfully</a></td><td rowspan="1">1670976136523</td><td rowspan="1">7</td></tr><tr class="failedeven"><td><a href="#m1">verifyUserShouldNavigateToLoginPageSuccessfully</a></td><td rowspan="1">1670976140213</td><td rowspan="1">0</td></tr><tr class="failedodd"><td rowspan="1">com.tutorialninja.testsuite.AccountRegisterPageTest</td><td><a href="#m2">verifyThatUserShouldLoginAndLogoutSuccessfully</a></td><td rowspan="1">1670976143857</td><td rowspan="1">22079</td></tr><tr class="failedeven"><td rowspan="1">com.tutorialninja.testsuite.DesktopsPageTest</td><td><a href="#m3">verifyProductAddedToShoppingCartSuccessFully</a></td><td rowspan="1">1670976193376</td><td rowspan="1">9831</td></tr><tr class="failedodd"><td rowspan="1">com.tutorialninja.testsuite.LaptopsAndNotebooksPageTest</td><td><a href="#m4">verifyThatUserPlaceOrderSuccessfully</a></td><td rowspan="1">1670976217373</td><td rowspan="1">4052</td></tr><tr><th colspan="4">Login Test &#8212; passed</th></tr><tr class="passedeven"><td rowspan="1">com.tutorialninja.testsuite.AccountRegisterPageTest</td><td><a href="#m5">verifyUserShouldNavigateToLoginPageSuccessfully</a></td><td rowspan="1">1670976169445</td><td rowspan="1">20579</td></tr><tr class="passedodd"><td rowspan="1">com.tutorialninja.testsuite.DesktopsPageTest</td><td><a href="#m6">verifyProductArrangeInAlphabeticalOrder</a></td><td rowspan="1">1670976206744</td><td rowspan="1">2212</td></tr><tr class="passedeven"><td rowspan="1">com.tutorialninja.testsuite.LaptopsAndNotebooksPageTest</td><td><a href="#m7">verifyProductsPriceDisplayHighToLowSuccessfully</a></td><td rowspan="1">1670976212226</td><td rowspan="1">1773</td></tr><tr class="passedodd"><td rowspan="3">com.tutorialninja.testsuite.TopMenuTest</td><td><a href="#m8">verifyUserShouldNavigateToComponentsPageSuccessfully</a></td><td rowspan="1">1670976224912</td><td rowspan="1">565</td></tr><tr class="passedodd"><td><a href="#m9">verifyUserShouldNavigateToDesktopsPageSuccessfully</a></td><td rowspan="1">1670976228837</td><td rowspan="1">929</td></tr><tr class="passedodd"><td><a href="#m10">verifyUserShouldNavigateToLaptopsAndNotebooksPageSuccessfully</a></td><td rowspan="1">1670976233110</td><td rowspan="1">716</td></tr></tbody>
</table>
<h2>Login Test</h2><h3 id="m0">com.tutorialninja.testsuite.AccountLoginPageTest#verifyThatUserShouldLoginAndLogoutSuccessfully</h3><table class="result"><tr><th>Messages</th></tr><tr><td><div class="messages">Click to see screenshot<br/><a target = "_blank" href=C:\Users\Manisha\IdeaProjects\testng-tutorialninja.com-hw-week15/test-output/html/verifyThatUserShouldLoginAndLogoutSuccessfullyWed_Dec_14_00_02_16_GMT_2022.jpg>Screenshot</a><br/><br><br/><br><br/><a target = "_blank" href=C:\Users\Manisha\IdeaProjects\testng-tutorialninja.com-hw-week15/test-output/html/verifyThatUserShouldLoginAndLogoutSuccessfullyWed_Dec_14_00_02_16_GMT_2022.jpg><img src=C:\Users\Manisha\IdeaProjects\testng-tutorialninja.com-hw-week15/test-output/html/verifyThatUserShouldLoginAndLogoutSuccessfullyWed_Dec_14_00_02_16_GMT_2022.jpg height=200 width=200></img></a></div></td></tr><tr><th>Exception</th></tr><tr><td><div class="stacktrace">java.lang.NullPointerException
	at org.openqa.selenium.support.pagefactory.DefaultElementLocator.findElement(DefaultElementLocator.java:70)
	at org.openqa.selenium.support.pagefactory.internal.LocatingElementHandler.invoke(LocatingElementHandler.java:39)
	at com.sun.proxy.$Proxy9.toString(Unknown Source)
	at java.lang.String.valueOf(String.java:2994)
	at java.lang.StringBuilder.append(StringBuilder.java:131)
	at com.tutorialninja.pages.HomePage.clickOnMyQAccountTab(HomePage.java:80)
	at com.tutorialninja.testsuite.AccountLoginPageTest.verifyThatUserShouldLoginAndLogoutSuccessfully(AccountLoginPageTest.java:27)
	at java.util.ArrayList.forEach(ArrayList.java:1249)
	at com.intellij.rt.testng.IDEARemoteTestNG.run(IDEARemoteTestNG.java:66)
	at com.intellij.rt.testng.RemoteTestNGStarter.main(RemoteTestNGStarter.java:109)
... Removed 24 stack frames</div></td></tr></table><p class="totop"><a href="#summary">back to summary</a></p>
<h3 id="m1">com.tutorialninja.testsuite.AccountLoginPageTest#verifyUserShouldNavigateToLoginPageSuccessfully</h3><table class="result"><tr><th>Messages</th></tr><tr><td><div class="messages">Click to see screenshot<br/><a target = "_blank" href=C:\Users\Manisha\IdeaProjects\testng-tutorialninja.com-hw-week15/test-output/html/verifyUserShouldNavigateToLoginPageSuccessfullyWed_Dec_14_00_02_20_GMT_2022.jpg>Screenshot</a><br/><br><br/><br><br/><a target = "_blank" href=C:\Users\Manisha\IdeaProjects\testng-tutorialninja.com-hw-week15/test-output/html/verifyUserShouldNavigateToLoginPageSuccessfullyWed_Dec_14_00_02_20_GMT_2022.jpg><img src=C:\Users\Manisha\IdeaProjects\testng-tutorialninja.com-hw-week15/test-output/html/verifyUserShouldNavigateToLoginPageSuccessfullyWed_Dec_14_00_02_20_GMT_2022.jpg height=200 width=200></img></a></div></td></tr><tr><th>Exception</th></tr><tr><td><div class="stacktrace">java.lang.NullPointerException
	at org.openqa.selenium.support.pagefactory.DefaultElementLocator.findElement(DefaultElementLocator.java:70)
	at org.openqa.selenium.support.pagefactory.internal.LocatingElementHandler.invoke(LocatingElementHandler.java:39)
	at com.sun.proxy.$Proxy9.toString(Unknown Source)
	at java.lang.String.valueOf(String.java:2994)
	at java.lang.StringBuilder.append(StringBuilder.java:131)
	at com.tutorialninja.pages.HomePage.clickOnMyQAccountTab(HomePage.java:80)
	at com.tutorialninja.testsuite.AccountLoginPageTest.verifyUserShouldNavigateToLoginPageSuccessfully(AccountLoginPageTest.java:19)
	at java.util.ArrayList.forEach(ArrayList.java:1249)
	at com.intellij.rt.testng.IDEARemoteTestNG.run(IDEARemoteTestNG.java:66)
	at com.intellij.rt.testng.RemoteTestNGStarter.main(RemoteTestNGStarter.java:109)
... Removed 24 stack frames</div></td></tr></table><p class="totop"><a href="#summary">back to summary</a></p>
<h3 id="m2">com.tutorialninja.testsuite.AccountRegisterPageTest#verifyThatUserShouldLoginAndLogoutSuccessfully</h3><table class="result"><tr><th>Messages</th></tr><tr><td><div class="messages">click on account tab[[ChromeDriver: chrome on WINDOWS (13860fbba8376cd0b14fb3cb225f87f6)] -> xpath: //span[contains(text(),'My Account')]]<br/> enter first name[[ChromeDriver: chrome on WINDOWS (13860fbba8376cd0b14fb3cb225f87f6)] -> id: input-firstname]<br/> enter last name[[ChromeDriver: chrome on WINDOWS (13860fbba8376cd0b14fb3cb225f87f6)] -> id: input-lastname]<br/> enter email in email field[[ChromeDriver: chrome on WINDOWS (13860fbba8376cd0b14fb3cb225f87f6)] -> id: input-email]<br/> enter telephone number[[ChromeDriver: chrome on WINDOWS (13860fbba8376cd0b14fb3cb225f87f6)] -> id: input-telephone]<br/> enter password[[ChromeDriver: chrome on WINDOWS (13860fbba8376cd0b14fb3cb225f87f6)] -> id: input-password]<br/> re enter password[[ChromeDriver: chrome on WINDOWS (13860fbba8376cd0b14fb3cb225f87f6)] -> id: input-confirm]<br/> select subscription from optionBy.xpath: //fieldset[3]//input<br/> click on privacy check box[[ChromeDriver: chrome on WINDOWS (13860fbba8376cd0b14fb3cb225f87f6)] -> xpath: //div[@class = 'buttons']//input[@name='agree']]<br/> continue button[[ChromeDriver: chrome on WINDOWS (13860fbba8376cd0b14fb3cb225f87f6)] -> xpath: //div[@class = 'buttons']//input[@value='Continue']]<br/>get text account has been created[[ChromeDriver: chrome on WINDOWS (13860fbba8376cd0b14fb3cb225f87f6)] -> xpath: //h1[contains(text(),'Your Account Has Been Created!')]]<br/> click on continue button[[ChromeDriver: chrome on WINDOWS (13860fbba8376cd0b14fb3cb225f87f6)] -> xpath: //a[contains(text(),'Continue')]]<br/>click on account tab[[ChromeDriver: chrome on WINDOWS (13860fbba8376cd0b14fb3cb225f87f6)] -> xpath: //span[contains(text(),'My Account')]]<br/>Click to see screenshot<br/><a target = "_blank" href=C:\Users\Manisha\IdeaProjects\testng-tutorialninja.com-hw-week15/test-output/html/verifyThatUserShouldLoginAndLogoutSuccessfullyWed_Dec_14_00_02_46_GMT_2022.jpg>Screenshot</a><br/><br><br/><br><br/><a target = "_blank" href=C:\Users\Manisha\IdeaProjects\testng-tutorialninja.com-hw-week15/test-output/html/verifyThatUserShouldLoginAndLogoutSuccessfullyWed_Dec_14_00_02_46_GMT_2022.jpg><img src=C:\Users\Manisha\IdeaProjects\testng-tutorialninja.com-hw-week15/test-output/html/verifyThatUserShouldLoginAndLogoutSuccessfullyWed_Dec_14_00_02_46_GMT_2022.jpg height=200 width=200></img></a></div></td></tr><tr><th>Exception</th></tr><tr><td><div class="stacktrace">org.openqa.selenium.StaleElementReferenceException: stale element reference: element is not attached to the page document
  (Session info: chrome=108.0.5359.99)
For documentation on this error, please visit: https://selenium.dev/exceptions/#stale_element_reference
Build info: version: &apos;4.6.0&apos;, revision: &apos;79f1c02ae20&apos;
System info: os.name: &apos;Windows 10&apos;, os.arch: &apos;amd64&apos;, os.version: &apos;10.0&apos;, java.version: &apos;1.8.0_121&apos;
Driver info: org.openqa.selenium.chrome.ChromeDriver
Command: [13860fbba8376cd0b14fb3cb225f87f6, clickElement {id=79bfb60c-a87f-43a8-9843-0057f5209bbb}]
Capabilities {acceptInsecureCerts: false, browserName: chrome, browserVersion: 108.0.5359.99, chrome: {chromedriverVersion: 108.0.5359.71 (1e0e3868ee06..., userDataDir: C:\Users\Manisha\AppData\Lo...}, goog:chromeOptions: {debuggerAddress: localhost:55115}, networkConnectionEnabled: false, pageLoadStrategy: normal, platformName: WINDOWS, proxy: Proxy(), se:cdp: ws://localhost:55115/devtoo..., se:cdpVersion: 108.0.5359.99, setWindowRect: true, strictFileInteractability: false, timeouts: {implicit: 0, pageLoad: 300000, script: 30000}, unhandledPromptBehavior: dismiss and notify, webauthn:extension:credBlob: true, webauthn:extension:largeBlob: true, webauthn:virtualAuthenticators: true}
Element: [[ChromeDriver: chrome on WINDOWS (13860fbba8376cd0b14fb3cb225f87f6)] -&gt; xpath: //span[contains(text(),&apos;My Account&apos;)]]
Session ID: 13860fbba8376cd0b14fb3cb225f87f6
	at org.openqa.selenium.remote.codec.w3c.W3CHttpResponseCodec.createException(W3CHttpResponseCodec.java:200)
	at org.openqa.selenium.remote.codec.w3c.W3CHttpResponseCodec.decode(W3CHttpResponseCodec.java:133)
	at org.openqa.selenium.remote.codec.w3c.W3CHttpResponseCodec.decode(W3CHttpResponseCodec.java:53)
	at org.openqa.selenium.remote.HttpCommandExecutor.execute(HttpCommandExecutor.java:184)
	at org.openqa.selenium.remote.service.DriverCommandExecutor.invokeExecute(DriverCommandExecutor.java:167)
	at org.openqa.selenium.remote.service.DriverCommandExecutor.execute(DriverCommandExecutor.java:142)
	at org.openqa.selenium.remote.RemoteWebDriver.execute(RemoteWebDriver.java:541)
	at org.openqa.selenium.remote.RemoteWebElement.execute(RemoteWebElement.java:257)
	at org.openqa.selenium.remote.RemoteWebElement.click(RemoteWebElement.java:78)
	at org.openqa.selenium.support.pagefactory.internal.LocatingElementHandler.invoke(LocatingElementHandler.java:52)
	at com.sun.proxy.$Proxy9.click(Unknown Source)
	at com.tutorialninja.utility.UtilityClass.clickOnElement(UtilityClass.java:51)
	at com.tutorialninja.pages.HomePage.clickOnMyQAccountTab(HomePage.java:81)
	at com.tutorialninja.testsuite.AccountRegisterPageTest.verifyThatUserShouldLoginAndLogoutSuccessfully(AccountRegisterPageTest.java:50)
	at java.util.ArrayList.forEach(ArrayList.java:1249)
	at com.intellij.rt.testng.IDEARemoteTestNG.run(IDEARemoteTestNG.java:66)
	at com.intellij.rt.testng.RemoteTestNGStarter.main(RemoteTestNGStarter.java:109)
... Removed 32 stack frames</div></td></tr></table><p class="totop"><a href="#summary">back to summary</a></p>
<h3 id="m3">com.tutorialninja.testsuite.DesktopsPageTest#verifyProductAddedToShoppingCartSuccessFully</h3><table class="result"><tr><th>Messages</th></tr><tr><td><div class="messages">click on desktop link[[ChromeDriver: chrome on WINDOWS (4b04403203301d575b4873976275f0e0)] -> link text: Desktops]<br/>select from option[[ChromeDriver: chrome on WINDOWS (4b04403203301d575b4873976275f0e0)] -> id: input-sort]<br/>get text[[ChromeDriver: chrome on WINDOWS (4b04403203301d575b4873976275f0e0)] -> xpath: //div[@id = 'content']//h1]<br/>click on add to cart button[[ChromeDriver: chrome on WINDOWS (4b04403203301d575b4873976275f0e0)] -> xpath: //button[@id='button-cart']]<br/> get text from shopping cart[[ChromeDriver: chrome on WINDOWS (4b04403203301d575b4873976275f0e0)] -> xpath: //div[@id='content']//h1]<br/>Click to see screenshot<br/><a target = "_blank" href=C:\Users\Manisha\IdeaProjects\testng-tutorialninja.com-hw-week15/test-output/html/verifyProductAddedToShoppingCartSuccessFullyWed_Dec_14_00_03_23_GMT_2022.jpg>Screenshot</a><br/><br><br/><br><br/><a target = "_blank" href=C:\Users\Manisha\IdeaProjects\testng-tutorialninja.com-hw-week15/test-output/html/verifyProductAddedToShoppingCartSuccessFullyWed_Dec_14_00_03_23_GMT_2022.jpg><img src=C:\Users\Manisha\IdeaProjects\testng-tutorialninja.com-hw-week15/test-output/html/verifyProductAddedToShoppingCartSuccessFullyWed_Dec_14_00_03_23_GMT_2022.jpg height=200 width=200></img></a></div></td></tr><tr><th>Exception</th></tr><tr><td><div class="stacktrace">java.lang.AssertionError: expected [true] but found [false]
	at com.tutorialninja.testsuite.DesktopsPageTest.verifyProductAddedToShoppingCartSuccessFully(DesktopsPageTest.java:57)
	at java.util.ArrayList.forEach(ArrayList.java:1249)
	at com.intellij.rt.testng.IDEARemoteTestNG.run(IDEARemoteTestNG.java:66)
	at com.intellij.rt.testng.RemoteTestNGStarter.main(RemoteTestNGStarter.java:109)
... Removed 28 stack frames</div></td></tr></table><p class="totop"><a href="#summary">back to summary</a></p>
<h3 id="m4">com.tutorialninja.testsuite.LaptopsAndNotebooksPageTest#verifyThatUserPlaceOrderSuccessfully</h3><table class="result"><tr><th>Messages</th></tr><tr><td><div class="messages">click on laptop and notebook link[[ChromeDriver: chrome on WINDOWS (8d7de1d2189fd72cef8ef9b2abbf01ba)] -> link text: Laptops & Notebooks]<br/>get text[[ChromeDriver: chrome on WINDOWS (8d7de1d2189fd72cef8ef9b2abbf01ba)] -> xpath: //div[@id = 'content']//h1]<br/>click on add to cart button[[ChromeDriver: chrome on WINDOWS (8d7de1d2189fd72cef8ef9b2abbf01ba)] -> xpath: //button[@id='button-cart']]<br/> get text from shopping cart[[ChromeDriver: chrome on WINDOWS (8d7de1d2189fd72cef8ef9b2abbf01ba)] -> xpath: //div[@id='content']//h1]<br/> get product name[[ChromeDriver: chrome on WINDOWS (8d7de1d2189fd72cef8ef9b2abbf01ba)] -> xpath: //div[@class = 'table-responsive']/table/tbody/tr/td[2]/a]<br/>qty changeBy.xpath: //input[contains(@name, 'quantity')]<br/>qty update By.xpath: //button[contains(@data-original-title, 'Update')]<br/>modified messageBy.xpath: //div[@id='checkout-cart']/div[1]<br/>get totalBy.xpath: //div[@class = 'table-responsive']/table/tbody/tr/td[6]<br/>Click to see screenshot<br/><a target = "_blank" href=C:\Users\Manisha\IdeaProjects\testng-tutorialninja.com-hw-week15/test-output/html/verifyThatUserPlaceOrderSuccessfullyWed_Dec_14_00_03_41_GMT_2022.jpg>Screenshot</a><br/><br><br/><br><br/><a target = "_blank" href=C:\Users\Manisha\IdeaProjects\testng-tutorialninja.com-hw-week15/test-output/html/verifyThatUserPlaceOrderSuccessfullyWed_Dec_14_00_03_41_GMT_2022.jpg><img src=C:\Users\Manisha\IdeaProjects\testng-tutorialninja.com-hw-week15/test-output/html/verifyThatUserPlaceOrderSuccessfullyWed_Dec_14_00_03_41_GMT_2022.jpg height=200 width=200></img></a></div></td></tr><tr><th>Exception</th></tr><tr><td><div class="stacktrace">java.lang.AssertionError: The following asserts failed:
	Total not matched expected [£737.45] but found [£4,424.70]
	at com.tutorialninja.testsuite.LaptopsAndNotebooksPageTest.verifyThatUserPlaceOrderSuccessfully(LaptopsAndNotebooksPageTest.java:69)
	at java.util.ArrayList.forEach(ArrayList.java:1249)
	at com.intellij.rt.testng.IDEARemoteTestNG.run(IDEARemoteTestNG.java:66)
	at com.intellij.rt.testng.RemoteTestNGStarter.main(RemoteTestNGStarter.java:109)
... Removed 26 stack frames</div></td></tr></table><p class="totop"><a href="#summary">back to summary</a></p>
<h3 id="m5">com.tutorialninja.testsuite.AccountRegisterPageTest#verifyUserShouldNavigateToLoginPageSuccessfully</h3><table class="result"><tr><th>Messages</th></tr><tr><td><div class="messages">click on account tab[[ChromeDriver: chrome on WINDOWS (69654804df6e347d5a331170a1c65c62)] -> xpath: //span[contains(text(),'My Account')]]<br/> get text from register account[[ChromeDriver: chrome on WINDOWS (69654804df6e347d5a331170a1c65c62)] -> xpath: //h1[contains(text(),'Register Account')]]</div></td></tr></table><p class="totop"><a href="#summary">back to summary</a></p>
<h3 id="m6">com.tutorialninja.testsuite.DesktopsPageTest#verifyProductArrangeInAlphabeticalOrder</h3><table class="result"><tr><th>Messages</th></tr><tr><td><div class="messages">click on desktop link[[ChromeDriver: chrome on WINDOWS (97c6a271b43780b1ea91fb3c3e2e4234)] -> link text: Desktops]<br/>By.xpath: //h4/a<br/>select from option[[ChromeDriver: chrome on WINDOWS (97c6a271b43780b1ea91fb3c3e2e4234)] -> id: input-sort]<br/>By.xpath: //h4/a</div></td></tr></table><p class="totop"><a href="#summary">back to summary</a></p>
<h3 id="m7">com.tutorialninja.testsuite.LaptopsAndNotebooksPageTest#verifyProductsPriceDisplayHighToLowSuccessfully</h3><table class="result"><tr><th>Messages</th></tr><tr><td><div class="messages">click on laptop and notebook link[[ChromeDriver: chrome on WINDOWS (e71bdf1a5652fd41f0d483654e2e3b5b)] -> link text: Laptops & Notebooks]</div></td></tr></table><p class="totop"><a href="#summary">back to summary</a></p>
<h3 id="m8">com.tutorialninja.testsuite.TopMenuTest#verifyUserShouldNavigateToComponentsPageSuccessfully</h3><table class="result"><tr><th>Messages</th></tr><tr><td><div class="messages">click on components link[[ChromeDriver: chrome on WINDOWS (111c930aaef818c6fb56c81a617aed69)] -> link text: Components]<br/>get text[[ChromeDriver: chrome on WINDOWS (111c930aaef818c6fb56c81a617aed69)] -> xpath: //h2[contains(text(),'Components')]]</div></td></tr></table><p class="totop"><a href="#summary">back to summary</a></p>
<h3 id="m9">com.tutorialninja.testsuite.TopMenuTest#verifyUserShouldNavigateToDesktopsPageSuccessfully</h3><table class="result"><tr><th>Messages</th></tr><tr><td><div class="messages">click on desktop link[[ChromeDriver: chrome on WINDOWS (3121670d76ee1aed5c2c1ba33fe18c97)] -> link text: Desktops]</div></td></tr></table><p class="totop"><a href="#summary">back to summary</a></p>
<h3 id="m10">com.tutorialninja.testsuite.TopMenuTest#verifyUserShouldNavigateToLaptopsAndNotebooksPageSuccessfully</h3><table class="result"><tr><th>Messages</th></tr><tr><td><div class="messages">click on laptop and notebook link[[ChromeDriver: chrome on WINDOWS (581ecff6df1684f83172abe1fc245659)] -> link text: Laptops & Notebooks]</div></td></tr></table><p class="totop"><a href="#summary">back to summary</a></p>
</body>
</html>
