<?xml version="1.0" encoding="UTF-8"?>
<!-- Generated by org.testng.reporters.JUnitReportReporter -->
<testsuite skipped="0" hostname="ASUS" name="com.tutorialninja.testsuite.AccountRegisterPageTest" tests="2" failures="0" timestamp="2022-12-14T00:03:55 GMT" time="49.441" errors="1">
  <testcase name="verifyThatUserShouldLoginAndLogoutSuccessfully" time="25.434" classname="com.tutorialninja.testsuite.AccountRegisterPageTest">
    <error type="org.openqa.selenium.StaleElementReferenceException" message="stale element reference: element is not attached to the page document
  (Session info: chrome=108.0.5359.99)
For documentation on this error, please visit: https://selenium.dev/exceptions/#stale_element_reference
Build info: version: &#039;4.6.0&#039;, revision: &#039;79f1c02ae20&#039;
System info: os.name: &#039;Windows 10&#039;, os.arch: &#039;amd64&#039;, os.version: &#039;10.0&#039;, java.version: &#039;1.8.0_121&#039;
Driver info: org.openqa.selenium.chrome.ChromeDriver
Command: [13860fbba8376cd0b14fb3cb225f87f6, clickElement {id=79bfb60c-a87f-43a8-9843-0057f5209bbb}]
Capabilities {acceptInsecureCerts: false, browserName: chrome, browserVersion: 108.0.5359.99, chrome: {chromedriverVersion: 108.0.5359.71 (1e0e3868ee06..., userDataDir: C:\Users\Manisha\AppData\Lo...}, goog:chromeOptions: {debuggerAddress: localhost:55115}, networkConnectionEnabled: false, pageLoadStrategy: normal, platformName: WINDOWS, proxy: Proxy(), se:cdp: ws://localhost:55115/devtoo..., se:cdpVersion: 108.0.5359.99, setWindowRect: true, strictFileInteractability: false, timeouts: {implicit: 0, pageLoad: 300000, script: 30000}, unhandledPromptBehavior: dismiss and notify, webauthn:extension:credBlob: true, webauthn:extension:largeBlob: true, webauthn:virtualAuthenticators: true}
Element: [[ChromeDriver: chrome on WINDOWS (13860fbba8376cd0b14fb3cb225f87f6)] -&gt; xpath: //span[contains(text(),&#039;My Account&#039;)]]
Session ID: 13860fbba8376cd0b14fb3cb225f87f6">
      <![CDATA[org.openqa.selenium.StaleElementReferenceException: stale element reference: element is not attached to the page document
  (Session info: chrome=108.0.5359.99)
For documentation on this error, please visit: https://selenium.dev/exceptions/#stale_element_reference
Build info: version: '4.6.0', revision: '79f1c02ae20'
System info: os.name: 'Windows 10', os.arch: 'amd64', os.version: '10.0', java.version: '1.8.0_121'
Driver info: org.openqa.selenium.chrome.ChromeDriver
Command: [13860fbba8376cd0b14fb3cb225f87f6, clickElement {id=79bfb60c-a87f-43a8-9843-0057f5209bbb}]
Capabilities {acceptInsecureCerts: false, browserName: chrome, browserVersion: 108.0.5359.99, chrome: {chromedriverVersion: 108.0.5359.71 (1e0e3868ee06..., userDataDir: C:\Users\Manisha\AppData\Lo...}, goog:chromeOptions: {debuggerAddress: localhost:55115}, networkConnectionEnabled: false, pageLoadStrategy: normal, platformName: WINDOWS, proxy: Proxy(), se:cdp: ws://localhost:55115/devtoo..., se:cdpVersion: 108.0.5359.99, setWindowRect: true, strictFileInteractability: false, timeouts: {implicit: 0, pageLoad: 300000, script: 30000}, unhandledPromptBehavior: dismiss and notify, webauthn:extension:credBlob: true, webauthn:extension:largeBlob: true, webauthn:virtualAuthenticators: true}
Element: [[ChromeDriver: chrome on WINDOWS (13860fbba8376cd0b14fb3cb225f87f6)] -> xpath: //span[contains(text(),'My Account')]]
Session ID: 13860fbba8376cd0b14fb3cb225f87f6
at sun.reflect.NativeConstructorAccessorImpl.newInstance0(Native Method)
at sun.reflect.NativeConstructorAccessorImpl.newInstance(NativeConstructorAccessorImpl.java:62)
at sun.reflect.DelegatingConstructorAccessorImpl.newInstance(DelegatingConstructorAccessorImpl.java:45)
at java.lang.reflect.Constructor.newInstance(Constructor.java:423)
at org.openqa.selenium.remote.codec.w3c.W3CHttpResponseCodec.createException(W3CHttpResponseCodec.java:200)
at org.openqa.selenium.remote.codec.w3c.W3CHttpResponseCodec.decode(W3CHttpResponseCodec.java:133)
at org.openqa.selenium.remote.codec.w3c.W3CHttpResponseCodec.decode(W3CHttpResponseCodec.java:53)
at org.openqa.selenium.remote.HttpCommandExecutor.execute(HttpCommandExecutor.java:184)
at org.openqa.selenium.remote.service.DriverCommandExecutor.invokeExecute(DriverCommandExecutor.java:167)
at org.openqa.selenium.remote.service.DriverCommandExecutor.execute(DriverCommandExecutor.java:142)
at org.openqa.selenium.remote.RemoteWebDriver.execute(RemoteWebDriver.java:541)
at org.openqa.selenium.remote.RemoteWebElement.execute(RemoteWebElement.java:257)
at org.openqa.selenium.remote.RemoteWebElement.click(RemoteWebElement.java:78)
at sun.reflect.NativeMethodAccessorImpl.invoke0(Native Method)
at sun.reflect.NativeMethodAccessorImpl.invoke(NativeMethodAccessorImpl.java:62)
at sun.reflect.DelegatingMethodAccessorImpl.invoke(DelegatingMethodAccessorImpl.java:43)
at java.lang.reflect.Method.invoke(Method.java:498)
at org.openqa.selenium.support.pagefactory.internal.LocatingElementHandler.invoke(LocatingElementHandler.java:52)
at com.sun.proxy.$Proxy9.click(Unknown Source)
at com.tutorialninja.utility.UtilityClass.clickOnElement(UtilityClass.java:51)
at com.tutorialninja.pages.HomePage.clickOnMyQAccountTab(HomePage.java:81)
at com.tutorialninja.testsuite.AccountRegisterPageTest.verifyThatUserShouldLoginAndLogoutSuccessfully(AccountRegisterPageTest.java:50)
at sun.reflect.NativeMethodAccessorImpl.invoke0(Native Method)
at sun.reflect.NativeMethodAccessorImpl.invoke(NativeMethodAccessorImpl.java:62)
at sun.reflect.DelegatingMethodAccessorImpl.invoke(DelegatingMethodAccessorImpl.java:43)
at java.lang.reflect.Method.invoke(Method.java:498)
at org.testng.internal.invokers.MethodInvocationHelper.invokeMethod(MethodInvocationHelper.java:135)
at org.testng.internal.invokers.TestInvoker.invokeMethod(TestInvoker.java:673)
at org.testng.internal.invokers.TestInvoker.invokeTestMethod(TestInvoker.java:220)
at org.testng.internal.invokers.MethodRunner.runInSequence(MethodRunner.java:50)
at org.testng.internal.invokers.TestInvoker$MethodInvocationAgent.invoke(TestInvoker.java:945)
at org.testng.internal.invokers.TestInvoker.invokeTestMethods(TestInvoker.java:193)
at org.testng.internal.invokers.TestMethodWorker.invokeTestMethods(TestMethodWorker.java:146)
at org.testng.internal.invokers.TestMethodWorker.run(TestMethodWorker.java:128)
at java.util.ArrayList.forEach(ArrayList.java:1249)
at org.testng.TestRunner.privateRun(TestRunner.java:808)
at org.testng.TestRunner.run(TestRunner.java:603)
at org.testng.SuiteRunner.runTest(SuiteRunner.java:429)
at org.testng.SuiteRunner.runSequentially(SuiteRunner.java:423)
at org.testng.SuiteRunner.privateRun(SuiteRunner.java:383)
at org.testng.SuiteRunner.run(SuiteRunner.java:326)
at org.testng.SuiteRunnerWorker.runSuite(SuiteRunnerWorker.java:52)
at org.testng.SuiteRunnerWorker.run(SuiteRunnerWorker.java:95)
at org.testng.TestNG.runSuitesSequentially(TestNG.java:1249)
at org.testng.TestNG.runSuitesLocally(TestNG.java:1169)
at org.testng.TestNG.runSuites(TestNG.java:1092)
at org.testng.TestNG.run(TestNG.java:1060)
at com.intellij.rt.testng.IDEARemoteTestNG.run(IDEARemoteTestNG.java:66)
at com.intellij.rt.testng.RemoteTestNGStarter.main(RemoteTestNGStarter.java:109)
]]>
    </error>
  </testcase> <!-- verifyThatUserShouldLoginAndLogoutSuccessfully -->
  <system-out>
    <![CDATA[click on account tab[[ChromeDriver: chrome on WINDOWS (13860fbba8376cd0b14fb3cb225f87f6)] -> xpath: //span[contains(text(),'My Account')]]
 enter first name[[ChromeDriver: chrome on WINDOWS (13860fbba8376cd0b14fb3cb225f87f6)] -> id: input-firstname]
 enter last name[[ChromeDriver: chrome on WINDOWS (13860fbba8376cd0b14fb3cb225f87f6)] -> id: input-lastname]
 enter email in email field[[ChromeDriver: chrome on WINDOWS (13860fbba8376cd0b14fb3cb225f87f6)] -> id: input-email]
 enter telephone number[[ChromeDriver: chrome on WINDOWS (13860fbba8376cd0b14fb3cb225f87f6)] -> id: input-telephone]
 enter password[[ChromeDriver: chrome on WINDOWS (13860fbba8376cd0b14fb3cb225f87f6)] -> id: input-password]
 re enter password[[ChromeDriver: chrome on WINDOWS (13860fbba8376cd0b14fb3cb225f87f6)] -> id: input-confirm]
 select subscription from optionBy.xpath: //fieldset[3]//input
 click on privacy check box[[ChromeDriver: chrome on WINDOWS (13860fbba8376cd0b14fb3cb225f87f6)] -> xpath: //div[@class = 'buttons']//input[@name='agree']]
 continue button[[ChromeDriver: chrome on WINDOWS (13860fbba8376cd0b14fb3cb225f87f6)] -> xpath: //div[@class = 'buttons']//input[@value='Continue']]
get text account has been created[[ChromeDriver: chrome on WINDOWS (13860fbba8376cd0b14fb3cb225f87f6)] -> xpath: //h1[contains(text(),'Your Account Has Been Created!')]]
 click on continue button[[ChromeDriver: chrome on WINDOWS (13860fbba8376cd0b14fb3cb225f87f6)] -> xpath: //a[contains(text(),'Continue')]]
click on account tab[[ChromeDriver: chrome on WINDOWS (13860fbba8376cd0b14fb3cb225f87f6)] -> xpath: //span[contains(text(),'My Account')]]
Click to see screenshot
<a target = "_blank" href=C:\Users\Manisha\IdeaProjects\testng-tutorialninja.com-hw-week15/test-output/html/verifyThatUserShouldLoginAndLogoutSuccessfullyWed_Dec_14_00_02_46_GMT_2022.jpg>Screenshot</a>
<br>
<br>
<a target = "_blank" href=C:\Users\Manisha\IdeaProjects\testng-tutorialninja.com-hw-week15/test-output/html/verifyThatUserShouldLoginAndLogoutSuccessfullyWed_Dec_14_00_02_46_GMT_2022.jpg><img src=C:\Users\Manisha\IdeaProjects\testng-tutorialninja.com-hw-week15/test-output/html/verifyThatUserShouldLoginAndLogoutSuccessfullyWed_Dec_14_00_02_46_GMT_2022.jpg height=200 width=200></img></a>]]>
  </system-out>
  <testcase name="verifyUserShouldNavigateToLoginPageSuccessfully" time="24.007" classname="com.tutorialninja.testsuite.AccountRegisterPageTest"/>
  <system-out>
    <![CDATA[click on account tab[[ChromeDriver: chrome on WINDOWS (69654804df6e347d5a331170a1c65c62)] -> xpath: //span[contains(text(),'My Account')]]
 get text from register account[[ChromeDriver: chrome on WINDOWS (69654804df6e347d5a331170a1c65c62)] -> xpath: //h1[contains(text(),'Register Account')]]]]>
  </system-out>
</testsuite> <!-- com.tutorialninja.testsuite.AccountRegisterPageTest -->
