<?xml version="1.0" encoding="UTF-8"?>
<!-- Generated by org.testng.reporters.JUnitReportReporter -->
<testsuite skipped="0" hostname="ASUS" name="com.tutorialninja.testsuite.LaptopsAndNotebooksPageTest" tests="2" failures="1" timestamp="2022-12-14T00:03:55 GMT" time="12.515" errors="0">
  <testcase name="verifyThatUserPlaceOrderSuccessfully" time="7.427" classname="com.tutorialninja.testsuite.LaptopsAndNotebooksPageTest">
    <failure type="java.lang.AssertionError" message="The following asserts failed:
	Total not matched expected [£737.45] but found [£4,424.70]">
      <![CDATA[java.lang.AssertionError: The following asserts failed:
Total not matched expected [£737.45] but found [£4,424.70]
at org.testng.asserts.SoftAssert.assertAll(SoftAssert.java:46)
at org.testng.asserts.SoftAssert.assertAll(SoftAssert.java:30)
at com.tutorialninja.testsuite.LaptopsAndNotebooksPageTest.verifyThatUserPlaceOrderSuccessfully(LaptopsAndNotebooksPageTest.java:69)
at sun.reflect.NativeMethodAccessorImpl.invoke0(Native Method)
at sun.reflect.NativeMethodAccessorImpl.invoke(NativeMethodAccessorImpl.java:62)
at sun.reflect.DelegatingMethodAccessorImpl.invoke(DelegatingMethodAccessorImpl.java:43)
at java.lang.reflect.Method.invoke(Method.java:498)
at org.testng.internal.invokers.MethodInvocationHelper.invokeMethod(MethodInvocationHelper.java:135)
at org.testng.internal.invokers.TestInvoker.invokeMethod(TestInvoker.java:673)
at org.testng.internal.invokers.TestInvoker.invokeTestMethod(TestInvoker.java:220)
at org.testng.internal.invokers.MethodRunner.runInSequence(MethodRunner.java:50)
at org.testng.internal.invokers.TestInvoker$MethodInvocationAgent.invoke(TestInvoker.java:945)
at org.testng.internal.invokers.TestInvoker.invokeTestMethods(TestInvoker.java:193)
at org.testng.internal.invokers.TestMethodWorker.invokeTestMethods(TestMethodWorker.java:146)
at org.testng.internal.invokers.TestMethodWorker.run(TestMethodWorker.java:128)
at java.util.ArrayList.forEach(ArrayList.java:1249)
at org.testng.TestRunner.privateRun(TestRunner.java:808)
at org.testng.TestRunner.run(TestRunner.java:603)
at org.testng.SuiteRunner.runTest(SuiteRunner.java:429)
at org.testng.SuiteRunner.runSequentially(SuiteRunner.java:423)
at org.testng.SuiteRunner.privateRun(SuiteRunner.java:383)
at org.testng.SuiteRunner.run(SuiteRunner.java:326)
at org.testng.SuiteRunnerWorker.runSuite(SuiteRunnerWorker.java:52)
at org.testng.SuiteRunnerWorker.run(SuiteRunnerWorker.java:95)
at org.testng.TestNG.runSuitesSequentially(TestNG.java:1249)
at org.testng.TestNG.runSuitesLocally(TestNG.java:1169)
at org.testng.TestNG.runSuites(TestNG.java:1092)
at org.testng.TestNG.run(TestNG.java:1060)
at com.intellij.rt.testng.IDEARemoteTestNG.run(IDEARemoteTestNG.java:66)
at com.intellij.rt.testng.RemoteTestNGStarter.main(RemoteTestNGStarter.java:109)
]]>
    </failure>
  </testcase> <!-- verifyThatUserPlaceOrderSuccessfully -->
  <system-out>
    <![CDATA[click on laptop and notebook link[[ChromeDriver: chrome on WINDOWS (8d7de1d2189fd72cef8ef9b2abbf01ba)] -> link text: Laptops & Notebooks]
get text[[ChromeDriver: chrome on WINDOWS (8d7de1d2189fd72cef8ef9b2abbf01ba)] -> xpath: //div[@id = 'content']//h1]
click on add to cart button[[ChromeDriver: chrome on WINDOWS (8d7de1d2189fd72cef8ef9b2abbf01ba)] -> xpath: //button[@id='button-cart']]
 get text from shopping cart[[ChromeDriver: chrome on WINDOWS (8d7de1d2189fd72cef8ef9b2abbf01ba)] -> xpath: //div[@id='content']//h1]
 get product name[[ChromeDriver: chrome on WINDOWS (8d7de1d2189fd72cef8ef9b2abbf01ba)] -> xpath: //div[@class = 'table-responsive']/table/tbody/tr/td[2]/a]
qty changeBy.xpath: //input[contains(@name, 'quantity')]
qty update By.xpath: //button[contains(@data-original-title, 'Update')]
modified messageBy.xpath: //div[@id='checkout-cart']/div[1]
get totalBy.xpath: //div[@class = 'table-responsive']/table/tbody/tr/td[6]
Click to see screenshot
<a target = "_blank" href=C:\Users\Manisha\IdeaProjects\testng-tutorialninja.com-hw-week15/test-output/html/verifyThatUserPlaceOrderSuccessfullyWed_Dec_14_00_03_41_GMT_2022.jpg>Screenshot</a>
<br>
<br>
<a target = "_blank" href=C:\Users\Manisha\IdeaProjects\testng-tutorialninja.com-hw-week15/test-output/html/verifyThatUserPlaceOrderSuccessfullyWed_Dec_14_00_03_41_GMT_2022.jpg><img src=C:\Users\Manisha\IdeaProjects\testng-tutorialninja.com-hw-week15/test-output/html/verifyThatUserPlaceOrderSuccessfullyWed_Dec_14_00_03_41_GMT_2022.jpg height=200 width=200></img></a>]]>
  </system-out>
  <testcase name="verifyProductsPriceDisplayHighToLowSuccessfully" time="5.088" classname="com.tutorialninja.testsuite.LaptopsAndNotebooksPageTest"/>
  <system-out>
    <![CDATA[click on laptop and notebook link[[ChromeDriver: chrome on WINDOWS (e71bdf1a5652fd41f0d483654e2e3b5b)] -> link text: Laptops & Notebooks]]]>
  </system-out>
</testsuite> <!-- com.tutorialninja.testsuite.LaptopsAndNotebooksPageTest -->
