<?xml version="1.0" encoding="UTF-8"?>
<!-- Generated by org.testng.reporters.JUnitReportReporter -->
<testsuite skipped="0" hostname="ASUS" name="com.tutorialninja.testsuite.DesktopsPageTest" tests="2" failures="1" timestamp="2022-12-14T00:03:55 GMT" time="18.686" errors="0">
  <testcase name="verifyProductArrangeInAlphabeticalOrder" time="5.562" classname="com.tutorialninja.testsuite.DesktopsPageTest"/>
  <system-out>
    <![CDATA[click on desktop link[[ChromeDriver: chrome on WINDOWS (97c6a271b43780b1ea91fb3c3e2e4234)] -> link text: Desktops]
By.xpath: //h4/a
select from option[[ChromeDriver: chrome on WINDOWS (97c6a271b43780b1ea91fb3c3e2e4234)] -> id: input-sort]
By.xpath: //h4/a]]>
  </system-out>
  <testcase name="verifyProductAddedToShoppingCartSuccessFully" time="13.124" classname="com.tutorialninja.testsuite.DesktopsPageTest">
    <failure type="java.lang.AssertionError" message="expected [true] but found [false]">
      <![CDATA[java.lang.AssertionError: expected [true] but found [false]
at org.testng.Assert.fail(Assert.java:110)
at org.testng.Assert.failNotEquals(Assert.java:1413)
at org.testng.Assert.assertTrue(Assert.java:56)
at org.testng.Assert.assertTrue(Assert.java:66)
at com.tutorialninja.testsuite.DesktopsPageTest.verifyProductAddedToShoppingCartSuccessFully(DesktopsPageTest.java:57)
at sun.reflect.NativeMethodAccessorImpl.invoke0(Native Method)
at sun.reflect.NativeMethodAccessorImpl.invoke(NativeMethodAccessorImpl.java:62)
at sun.reflect.DelegatingMethodAccessorImpl.invoke(DelegatingMethodAccessorImpl.java:43)
at java.lang.reflect.Method.invoke(Method.java:498)
at org.testng.internal.invokers.MethodInvocationHelper.invokeMethod(MethodInvocationHelper.java:135)
at org.testng.internal.invokers.TestInvoker.invokeMethod(TestInvoker.java:673)
at org.testng.internal.invokers.TestInvoker.invokeTestMethod(TestInvoker.java:220)
at org.testng.internal.invokers.MethodRunner.runInSequence(MethodRunner.java:50)
at org.testng.internal.invokers.TestInvoker$MethodInvocationAgent.invoke(TestInvoker.java:945)
at org.testng.internal.invokers.TestInvoker.invokeTestMethods(TestInvoker.java:193)
at org.testng.internal.invokers.TestMethodWorker.invokeTestMethods(TestMethodWorker.java:146)
at org.testng.internal.invokers.TestMethodWorker.run(TestMethodWorker.java:128)
at java.util.ArrayList.forEach(ArrayList.java:1249)
at org.testng.TestRunner.privateRun(TestRunner.java:808)
at org.testng.TestRunner.run(TestRunner.java:603)
at org.testng.SuiteRunner.runTest(SuiteRunner.java:429)
at org.testng.SuiteRunner.runSequentially(SuiteRunner.java:423)
at org.testng.SuiteRunner.privateRun(SuiteRunner.java:383)
at org.testng.SuiteRunner.run(SuiteRunner.java:326)
at org.testng.SuiteRunnerWorker.runSuite(SuiteRunnerWorker.java:52)
at org.testng.SuiteRunnerWorker.run(SuiteRunnerWorker.java:95)
at org.testng.TestNG.runSuitesSequentially(TestNG.java:1249)
at org.testng.TestNG.runSuitesLocally(TestNG.java:1169)
at org.testng.TestNG.runSuites(TestNG.java:1092)
at org.testng.TestNG.run(TestNG.java:1060)
at com.intellij.rt.testng.IDEARemoteTestNG.run(IDEARemoteTestNG.java:66)
at com.intellij.rt.testng.RemoteTestNGStarter.main(RemoteTestNGStarter.java:109)
]]>
    </failure>
  </testcase> <!-- verifyProductAddedToShoppingCartSuccessFully -->
  <system-out>
    <![CDATA[click on desktop link[[ChromeDriver: chrome on WINDOWS (4b04403203301d575b4873976275f0e0)] -> link text: Desktops]
select from option[[ChromeDriver: chrome on WINDOWS (4b04403203301d575b4873976275f0e0)] -> id: input-sort]
get text[[ChromeDriver: chrome on WINDOWS (4b04403203301d575b4873976275f0e0)] -> xpath: //div[@id = 'content']//h1]
click on add to cart button[[ChromeDriver: chrome on WINDOWS (4b04403203301d575b4873976275f0e0)] -> xpath: //button[@id='button-cart']]
 get text from shopping cart[[ChromeDriver: chrome on WINDOWS (4b04403203301d575b4873976275f0e0)] -> xpath: //div[@id='content']//h1]
Click to see screenshot
<a target = "_blank" href=C:\Users\Manisha\IdeaProjects\testng-tutorialninja.com-hw-week15/test-output/html/verifyProductAddedToShoppingCartSuccessFullyWed_Dec_14_00_03_23_GMT_2022.jpg>Screenshot</a>
<br>
<br>
<a target = "_blank" href=C:\Users\Manisha\IdeaProjects\testng-tutorialninja.com-hw-week15/test-output/html/verifyProductAddedToShoppingCartSuccessFullyWed_Dec_14_00_03_23_GMT_2022.jpg><img src=C:\Users\Manisha\IdeaProjects\testng-tutorialninja.com-hw-week15/test-output/html/verifyProductAddedToShoppingCartSuccessFullyWed_Dec_14_00_03_23_GMT_2022.jpg height=200 width=200></img></a>]]>
  </system-out>
</testsuite> <!-- com.tutorialninja.testsuite.DesktopsPageTest -->
