<html>
<head>
<title>TestNG:  Login Test</title>
<link href="../testng.css" rel="stylesheet" type="text/css" />
<link href="../my-testng.css" rel="stylesheet" type="text/css" />

<style type="text/css">
.log { display: none;} 
.stack-trace { display: none;} 
</style>
<script type="text/javascript">
<!--
function flip(e) {
  current = e.style.display;
  if (current == 'block') {
    e.style.display = 'none';
    return 0;
  }
  else {
    e.style.display = 'block';
    return 1;
  }
}

function toggleBox(szDivId, elem, msg1, msg2)
{
  var res = -1;  if (document.getElementById) {
    res = flip(document.getElementById(szDivId));
  }
  else if (document.all) {
    // this is the way old msie versions work
    res = flip(document.all[szDivId]);
  }
  if(elem) {
    if(res == 0) elem.innerHTML = msg1; else elem.innerHTML = msg2;
  }

}

function toggleAllBoxes() {
  if (document.getElementsByTagName) {
    d = document.getElementsByTagName('div');
    for (i = 0; i < d.length; i++) {
      if (d[i].className == 'log') {
        flip(d[i]);
      }
    }
  }
}

// -->
</script>

</head>
<body>
<h2 align='center'>Login Test</h2><table border='1' align="center">
<tr>
<td>Tests passed/Failed/Skipped:</td><td>6/5/0</td>
</tr><tr>
<td>Started on:</td><td>Wed Dec 14 00:02:11 GMT 2022</td>
</tr>
<tr><td>Total time:</td><td>102 seconds (102777 ms)</td>
</tr><tr>
<td>Included groups:</td><td></td>
</tr><tr>
<td>Excluded groups:</td><td></td>
</tr>
</table><p/>
<small><i>(Hover the method name to see the test class name)</i></small><p/>
<table width='100%' border='1' class='invocation-failed'>
<tr><td colspan='4' align='center'><b>FAILED TESTS</b></td></tr>
<tr><td><b>Test method</b></td>
<td width="30%"><b>Exception</b></td>
<td width="10%"><b>Time (seconds)</b></td>
<td><b>Instance</b></td>
</tr>
<tr>
<td title='com.tutorialninja.testsuite.AccountRegisterPageTest.verifyThatUserShouldLoginAndLogoutSuccessfully()'><b>verifyThatUserShouldLoginAndLogoutSuccessfully</b><br>Test class: com.tutorialninja.testsuite.AccountRegisterPageTest<br/>
<a href="#Output-1688917723" onClick='toggleBox("Output-1688917723", this, "Show output", "Hide output");'>Show output</a>

<a href="#Output-1688917723" onClick="toggleAllBoxes();">Show all outputs</a>
<div class='log' id="Output-1688917723">
click on account tab[[ChromeDriver: chrome on WINDOWS (13860fbba8376cd0b14fb3cb225f87f6)] -> xpath: //span[contains(text(),'My Account')]]<br/>
 enter first name[[ChromeDriver: chrome on WINDOWS (13860fbba8376cd0b14fb3cb225f87f6)] -> id: input-firstname]<br/>
 enter last name[[ChromeDriver: chrome on WINDOWS (13860fbba8376cd0b14fb3cb225f87f6)] -> id: input-lastname]<br/>
 enter email in email field[[ChromeDriver: chrome on WINDOWS (13860fbba8376cd0b14fb3cb225f87f6)] -> id: input-email]<br/>
 enter telephone number[[ChromeDriver: chrome on WINDOWS (13860fbba8376cd0b14fb3cb225f87f6)] -> id: input-telephone]<br/>
 enter password[[ChromeDriver: chrome on WINDOWS (13860fbba8376cd0b14fb3cb225f87f6)] -> id: input-password]<br/>
 re enter password[[ChromeDriver: chrome on WINDOWS (13860fbba8376cd0b14fb3cb225f87f6)] -> id: input-confirm]<br/>
 select subscription from optionBy.xpath: //fieldset[3]//input<br/>
 click on privacy check box[[ChromeDriver: chrome on WINDOWS (13860fbba8376cd0b14fb3cb225f87f6)] -> xpath: //div[@class = 'buttons']//input[@name='agree']]<br/>
 continue button[[ChromeDriver: chrome on WINDOWS (13860fbba8376cd0b14fb3cb225f87f6)] -> xpath: //div[@class = 'buttons']//input[@value='Continue']]<br/>
get text account has been created[[ChromeDriver: chrome on WINDOWS (13860fbba8376cd0b14fb3cb225f87f6)] -> xpath: //h1[contains(text(),'Your Account Has Been Created!')]]<br/>
 click on continue button[[ChromeDriver: chrome on WINDOWS (13860fbba8376cd0b14fb3cb225f87f6)] -> xpath: //a[contains(text(),'Continue')]]<br/>
click on account tab[[ChromeDriver: chrome on WINDOWS (13860fbba8376cd0b14fb3cb225f87f6)] -> xpath: //span[contains(text(),'My Account')]]<br/>
Click to see screenshot<br/>
<a target = "_blank" href=C:\Users\Manisha\IdeaProjects\testng-tutorialninja.com-hw-week15/test-output/html/verifyThatUserShouldLoginAndLogoutSuccessfullyWed_Dec_14_00_02_46_GMT_2022.jpg>Screenshot</a><br/>
<br><br/>
<br><br/>
<a target = "_blank" href=C:\Users\Manisha\IdeaProjects\testng-tutorialninja.com-hw-week15/test-output/html/verifyThatUserShouldLoginAndLogoutSuccessfullyWed_Dec_14_00_02_46_GMT_2022.jpg><img src=C:\Users\Manisha\IdeaProjects\testng-tutorialninja.com-hw-week15/test-output/html/verifyThatUserShouldLoginAndLogoutSuccessfullyWed_Dec_14_00_02_46_GMT_2022.jpg height=200 width=200></img></a><br/>
</div>
</td>
<td><div><pre>org.openqa.selenium.StaleElementReferenceException: stale element reference: element is not attached to the page document
  (Session info: chrome=108.0.5359.99)
For documentation on this error, please visit: https://selenium.dev/exceptions/#stale_element_reference
Build info: version: &apos;4.6.0&apos;, revision: &apos;79f1c02ae20&apos;
System info: os.name: &apos;Windows 10&apos;, os.arch: &apos;amd64&apos;, os.version: &apos;10.0&apos;, java.version: &apos;1.8.0_121&apos;
Driver info: org.openqa.selenium.chrome.ChromeDriver
Command: [13860fbba8376cd0b14fb3cb225f87f6, clickElement {id=79bfb60c-a87f-43a8-9843-0057f5209bbb}]
Capabilities {acceptInsecureCerts: false, browserName: chrome, browserVersion: 108.0.5359.99, chrome: {chromedriverVersion: 108.0.5359.71 (1e0e3868ee06..., userDataDir: C:\Users\Manisha\AppData\Lo...}, goog:chromeOptions: {debuggerAddress: localhost:55115}, networkConnectionEnabled: false, pageLoadStrategy: normal, platformName: WINDOWS, proxy: Proxy(), se:cdp: ws://localhost:55115/devtoo..., se:cdpVersion: 108.0.5359.99, setWindowRect: true, strictFileInteractability: false, timeouts: {implicit: 0, pageLoad: 300000, script: 30000}, unhandledPromptBehavior: dismiss and notify, webauthn:extension:credBlob: true, webauthn:extension:largeBlob: true, webauthn:virtualAuthenticators: true}
Element: [[ChromeDriver: chrome on WINDOWS (13860fbba8376cd0b14fb3cb225f87f6)] -&gt; xpath: //span[contains(text(),&apos;My Account&apos;)]]
Session ID: 13860fbba8376cd0b14fb3cb225f87f6
	at org.openqa.selenium.remote.codec.w3c.W3CHttpResponseCodec.createException(W3CHttpResponseCodec.java:200)
	at org.openqa.selenium.remote.codec.w3c.W3CHttpResponseCodec.decode(W3CHttpResponseCodec.java:133)
	at org.openqa.selenium.remote.codec.w3c.W3CHttpResponseCodec.decode(W3CHttpResponseCodec.java:53)
	at org.openqa.selenium.remote.HttpCommandExecutor.execute(HttpCommandExecutor.java:184)
	at org.openqa.selenium.remote.service.DriverCommandExecutor.invokeExecute(DriverCommandExecutor.java:167)
	at org.openqa.selenium.remote.service.DriverCommandExecutor.execute(DriverCommandExecutor.java:142)
	at org.openqa.selenium.remote.RemoteWebDriver.execute(RemoteWebDriver.java:541)
	at org.openqa.selenium.remote.RemoteWebElement.execute(RemoteWebElement.java:257)
	at org.openqa.selenium.remote.RemoteWebElement.click(RemoteWebElement.java:78)
	at org.openqa.selenium.support.pagefactory.internal.LocatingElementHandler.invoke(LocatingElementHandler.java:52)
	at com.sun.proxy.$Proxy9.click(Unknown Source)
	at com.tutorialninja.utility.UtilityClass.clickOnElement(UtilityClass.java:51)
	at com.tutorialninja.pages.HomePage.clickOnMyQAccountTab(HomePage.java:81)
	at com.tutorialninja.testsuite.AccountRegisterPageTest.verifyThatUserShouldLoginAndLogoutSuccessfully(AccountRegisterPageTest.java:50)
	at java.util.ArrayList.forEach(ArrayList.java:1249)
	at com.intellij.rt.testng.IDEARemoteTestNG.run(IDEARemoteTestNG.java:66)
	at com.intellij.rt.testng.RemoteTestNGStarter.main(RemoteTestNGStarter.java:109)
... Removed 32 stack frames</pre></div><a href='#' onClick='toggleBox("stack-trace1688917723", this, "Click to show all stack frames", "Click to hide stack frames")'>Click to show all stack frames</a>
<div class='stack-trace' id='stack-trace1688917723'><pre>org.openqa.selenium.StaleElementReferenceException: stale element reference: element is not attached to the page document
  (Session info: chrome=108.0.5359.99)
For documentation on this error, please visit: https://selenium.dev/exceptions/#stale_element_reference
Build info: version: &apos;4.6.0&apos;, revision: &apos;79f1c02ae20&apos;
System info: os.name: &apos;Windows 10&apos;, os.arch: &apos;amd64&apos;, os.version: &apos;10.0&apos;, java.version: &apos;1.8.0_121&apos;
Driver info: org.openqa.selenium.chrome.ChromeDriver
Command: [13860fbba8376cd0b14fb3cb225f87f6, clickElement {id=79bfb60c-a87f-43a8-9843-0057f5209bbb}]
Capabilities {acceptInsecureCerts: false, browserName: chrome, browserVersion: 108.0.5359.99, chrome: {chromedriverVersion: 108.0.5359.71 (1e0e3868ee06..., userDataDir: C:\Users\Manisha\AppData\Lo...}, goog:chromeOptions: {debuggerAddress: localhost:55115}, networkConnectionEnabled: false, pageLoadStrategy: normal, platformName: WINDOWS, proxy: Proxy(), se:cdp: ws://localhost:55115/devtoo..., se:cdpVersion: 108.0.5359.99, setWindowRect: true, strictFileInteractability: false, timeouts: {implicit: 0, pageLoad: 300000, script: 30000}, unhandledPromptBehavior: dismiss and notify, webauthn:extension:credBlob: true, webauthn:extension:largeBlob: true, webauthn:virtualAuthenticators: true}
Element: [[ChromeDriver: chrome on WINDOWS (13860fbba8376cd0b14fb3cb225f87f6)] -&gt; xpath: //span[contains(text(),&apos;My Account&apos;)]]
Session ID: 13860fbba8376cd0b14fb3cb225f87f6
	at sun.reflect.NativeConstructorAccessorImpl.newInstance0(Native Method)
	at sun.reflect.NativeConstructorAccessorImpl.newInstance(NativeConstructorAccessorImpl.java:62)
	at sun.reflect.DelegatingConstructorAccessorImpl.newInstance(DelegatingConstructorAccessorImpl.java:45)
	at java.lang.reflect.Constructor.newInstance(Constructor.java:423)
	at org.openqa.selenium.remote.codec.w3c.W3CHttpResponseCodec.createException(W3CHttpResponseCodec.java:200)
	at org.openqa.selenium.remote.codec.w3c.W3CHttpResponseCodec.decode(W3CHttpResponseCodec.java:133)
	at org.openqa.selenium.remote.codec.w3c.W3CHttpResponseCodec.decode(W3CHttpResponseCodec.java:53)
	at org.openqa.selenium.remote.HttpCommandExecutor.execute(HttpCommandExecutor.java:184)
	at org.openqa.selenium.remote.service.DriverCommandExecutor.invokeExecute(DriverCommandExecutor.java:167)
	at org.openqa.selenium.remote.service.DriverCommandExecutor.execute(DriverCommandExecutor.java:142)
	at org.openqa.selenium.remote.RemoteWebDriver.execute(RemoteWebDriver.java:541)
	at org.openqa.selenium.remote.RemoteWebElement.execute(RemoteWebElement.java:257)
	at org.openqa.selenium.remote.RemoteWebElement.click(RemoteWebElement.java:78)
	at sun.reflect.NativeMethodAccessorImpl.invoke0(Native Method)
	at sun.reflect.NativeMethodAccessorImpl.invoke(NativeMethodAccessorImpl.java:62)
	at sun.reflect.DelegatingMethodAccessorImpl.invoke(DelegatingMethodAccessorImpl.java:43)
	at java.lang.reflect.Method.invoke(Method.java:498)
	at org.openqa.selenium.support.pagefactory.internal.LocatingElementHandler.invoke(LocatingElementHandler.java:52)
	at com.sun.proxy.$Proxy9.click(Unknown Source)
	at com.tutorialninja.utility.UtilityClass.clickOnElement(UtilityClass.java:51)
	at com.tutorialninja.pages.HomePage.clickOnMyQAccountTab(HomePage.java:81)
	at com.tutorialninja.testsuite.AccountRegisterPageTest.verifyThatUserShouldLoginAndLogoutSuccessfully(AccountRegisterPageTest.java:50)
	at sun.reflect.NativeMethodAccessorImpl.invoke0(Native Method)
	at sun.reflect.NativeMethodAccessorImpl.invoke(NativeMethodAccessorImpl.java:62)
	at sun.reflect.DelegatingMethodAccessorImpl.invoke(DelegatingMethodAccessorImpl.java:43)
	at java.lang.reflect.Method.invoke(Method.java:498)
	at org.testng.internal.invokers.MethodInvocationHelper.invokeMethod(MethodInvocationHelper.java:135)
	at org.testng.internal.invokers.TestInvoker.invokeMethod(TestInvoker.java:673)
	at org.testng.internal.invokers.TestInvoker.invokeTestMethod(TestInvoker.java:220)
	at org.testng.internal.invokers.MethodRunner.runInSequence(MethodRunner.java:50)
	at org.testng.internal.invokers.TestInvoker$MethodInvocationAgent.invoke(TestInvoker.java:945)
	at org.testng.internal.invokers.TestInvoker.invokeTestMethods(TestInvoker.java:193)
	at org.testng.internal.invokers.TestMethodWorker.invokeTestMethods(TestMethodWorker.java:146)
	at org.testng.internal.invokers.TestMethodWorker.run(TestMethodWorker.java:128)
	at java.util.ArrayList.forEach(ArrayList.java:1249)
	at org.testng.TestRunner.privateRun(TestRunner.java:808)
	at org.testng.TestRunner.run(TestRunner.java:603)
	at org.testng.SuiteRunner.runTest(SuiteRunner.java:429)
	at org.testng.SuiteRunner.runSequentially(SuiteRunner.java:423)
	at org.testng.SuiteRunner.privateRun(SuiteRunner.java:383)
	at org.testng.SuiteRunner.run(SuiteRunner.java:326)
	at org.testng.SuiteRunnerWorker.runSuite(SuiteRunnerWorker.java:52)
	at org.testng.SuiteRunnerWorker.run(SuiteRunnerWorker.java:95)
	at org.testng.TestNG.runSuitesSequentially(TestNG.java:1249)
	at org.testng.TestNG.runSuitesLocally(TestNG.java:1169)
	at org.testng.TestNG.runSuites(TestNG.java:1092)
	at org.testng.TestNG.run(TestNG.java:1060)
	at com.intellij.rt.testng.IDEARemoteTestNG.run(IDEARemoteTestNG.java:66)
	at com.intellij.rt.testng.RemoteTestNGStarter.main(RemoteTestNGStarter.java:109)
</pre></div></td>
<td>22</td>
<td>com.tutorialninja.testsuite.AccountRegisterPageTest@4e41089d</td></tr>
<tr>
<td title='com.tutorialninja.testsuite.LaptopsAndNotebooksPageTest.verifyThatUserPlaceOrderSuccessfully()'><b>verifyThatUserPlaceOrderSuccessfully</b><br>Test class: com.tutorialninja.testsuite.LaptopsAndNotebooksPageTest<br/>
<a href="#Output-2043975568" onClick='toggleBox("Output-2043975568", this, "Show output", "Hide output");'>Show output</a>

<a href="#Output-2043975568" onClick="toggleAllBoxes();">Show all outputs</a>
<div class='log' id="Output-2043975568">
click on laptop and notebook link[[ChromeDriver: chrome on WINDOWS (8d7de1d2189fd72cef8ef9b2abbf01ba)] -> link text: Laptops & Notebooks]<br/>
get text[[ChromeDriver: chrome on WINDOWS (8d7de1d2189fd72cef8ef9b2abbf01ba)] -> xpath: //div[@id = 'content']//h1]<br/>
click on add to cart button[[ChromeDriver: chrome on WINDOWS (8d7de1d2189fd72cef8ef9b2abbf01ba)] -> xpath: //button[@id='button-cart']]<br/>
 get text from shopping cart[[ChromeDriver: chrome on WINDOWS (8d7de1d2189fd72cef8ef9b2abbf01ba)] -> xpath: //div[@id='content']//h1]<br/>
 get product name[[ChromeDriver: chrome on WINDOWS (8d7de1d2189fd72cef8ef9b2abbf01ba)] -> xpath: //div[@class = 'table-responsive']/table/tbody/tr/td[2]/a]<br/>
qty changeBy.xpath: //input[contains(@name, 'quantity')]<br/>
qty update By.xpath: //button[contains(@data-original-title, 'Update')]<br/>
modified messageBy.xpath: //div[@id='checkout-cart']/div[1]<br/>
get totalBy.xpath: //div[@class = 'table-responsive']/table/tbody/tr/td[6]<br/>
Click to see screenshot<br/>
<a target = "_blank" href=C:\Users\Manisha\IdeaProjects\testng-tutorialninja.com-hw-week15/test-output/html/verifyThatUserPlaceOrderSuccessfullyWed_Dec_14_00_03_41_GMT_2022.jpg>Screenshot</a><br/>
<br><br/>
<br><br/>
<a target = "_blank" href=C:\Users\Manisha\IdeaProjects\testng-tutorialninja.com-hw-week15/test-output/html/verifyThatUserPlaceOrderSuccessfullyWed_Dec_14_00_03_41_GMT_2022.jpg><img src=C:\Users\Manisha\IdeaProjects\testng-tutorialninja.com-hw-week15/test-output/html/verifyThatUserPlaceOrderSuccessfullyWed_Dec_14_00_03_41_GMT_2022.jpg height=200 width=200></img></a><br/>
</div>
</td>
<td><div><pre>java.lang.AssertionError: The following asserts failed:
	Total not matched expected [£737.45] but found [£4,424.70]
	at com.tutorialninja.testsuite.LaptopsAndNotebooksPageTest.verifyThatUserPlaceOrderSuccessfully(LaptopsAndNotebooksPageTest.java:69)
	at java.util.ArrayList.forEach(ArrayList.java:1249)
	at com.intellij.rt.testng.IDEARemoteTestNG.run(IDEARemoteTestNG.java:66)
	at com.intellij.rt.testng.RemoteTestNGStarter.main(RemoteTestNGStarter.java:109)
... Removed 26 stack frames</pre></div><a href='#' onClick='toggleBox("stack-trace2043975568", this, "Click to show all stack frames", "Click to hide stack frames")'>Click to show all stack frames</a>
<div class='stack-trace' id='stack-trace2043975568'><pre>java.lang.AssertionError: The following asserts failed:
	Total not matched expected [£737.45] but found [£4,424.70]
	at org.testng.asserts.SoftAssert.assertAll(SoftAssert.java:46)
	at org.testng.asserts.SoftAssert.assertAll(SoftAssert.java:30)
	at com.tutorialninja.testsuite.LaptopsAndNotebooksPageTest.verifyThatUserPlaceOrderSuccessfully(LaptopsAndNotebooksPageTest.java:69)
	at sun.reflect.NativeMethodAccessorImpl.invoke0(Native Method)
	at sun.reflect.NativeMethodAccessorImpl.invoke(NativeMethodAccessorImpl.java:62)
	at sun.reflect.DelegatingMethodAccessorImpl.invoke(DelegatingMethodAccessorImpl.java:43)
	at java.lang.reflect.Method.invoke(Method.java:498)
	at org.testng.internal.invokers.MethodInvocationHelper.invokeMethod(MethodInvocationHelper.java:135)
	at org.testng.internal.invokers.TestInvoker.invokeMethod(TestInvoker.java:673)
	at org.testng.internal.invokers.TestInvoker.invokeTestMethod(TestInvoker.java:220)
	at org.testng.internal.invokers.MethodRunner.runInSequence(MethodRunner.java:50)
	at org.testng.internal.invokers.TestInvoker$MethodInvocationAgent.invoke(TestInvoker.java:945)
	at org.testng.internal.invokers.TestInvoker.invokeTestMethods(TestInvoker.java:193)
	at org.testng.internal.invokers.TestMethodWorker.invokeTestMethods(TestMethodWorker.java:146)
	at org.testng.internal.invokers.TestMethodWorker.run(TestMethodWorker.java:128)
	at java.util.ArrayList.forEach(ArrayList.java:1249)
	at org.testng.TestRunner.privateRun(TestRunner.java:808)
	at org.testng.TestRunner.run(TestRunner.java:603)
	at org.testng.SuiteRunner.runTest(SuiteRunner.java:429)
	at org.testng.SuiteRunner.runSequentially(SuiteRunner.java:423)
	at org.testng.SuiteRunner.privateRun(SuiteRunner.java:383)
	at org.testng.SuiteRunner.run(SuiteRunner.java:326)
	at org.testng.SuiteRunnerWorker.runSuite(SuiteRunnerWorker.java:52)
	at org.testng.SuiteRunnerWorker.run(SuiteRunnerWorker.java:95)
	at org.testng.TestNG.runSuitesSequentially(TestNG.java:1249)
	at org.testng.TestNG.runSuitesLocally(TestNG.java:1169)
	at org.testng.TestNG.runSuites(TestNG.java:1092)
	at org.testng.TestNG.run(TestNG.java:1060)
	at com.intellij.rt.testng.IDEARemoteTestNG.run(IDEARemoteTestNG.java:66)
	at com.intellij.rt.testng.RemoteTestNGStarter.main(RemoteTestNGStarter.java:109)
</pre></div></td>
<td>4</td>
<td>com.tutorialninja.testsuite.LaptopsAndNotebooksPageTest@3e77a1ed</td></tr>
<tr>
<td title='com.tutorialninja.testsuite.DesktopsPageTest.verifyProductAddedToShoppingCartSuccessFully()'><b>verifyProductAddedToShoppingCartSuccessFully</b><br>Test class: com.tutorialninja.testsuite.DesktopsPageTest<br/>
<a href="#Output-1527061084" onClick='toggleBox("Output-1527061084", this, "Show output", "Hide output");'>Show output</a>

<a href="#Output-1527061084" onClick="toggleAllBoxes();">Show all outputs</a>
<div class='log' id="Output-1527061084">
click on desktop link[[ChromeDriver: chrome on WINDOWS (4b04403203301d575b4873976275f0e0)] -> link text: Desktops]<br/>
select from option[[ChromeDriver: chrome on WINDOWS (4b04403203301d575b4873976275f0e0)] -> id: input-sort]<br/>
get text[[ChromeDriver: chrome on WINDOWS (4b04403203301d575b4873976275f0e0)] -> xpath: //div[@id = 'content']//h1]<br/>
click on add to cart button[[ChromeDriver: chrome on WINDOWS (4b04403203301d575b4873976275f0e0)] -> xpath: //button[@id='button-cart']]<br/>
 get text from shopping cart[[ChromeDriver: chrome on WINDOWS (4b04403203301d575b4873976275f0e0)] -> xpath: //div[@id='content']//h1]<br/>
Click to see screenshot<br/>
<a target = "_blank" href=C:\Users\Manisha\IdeaProjects\testng-tutorialninja.com-hw-week15/test-output/html/verifyProductAddedToShoppingCartSuccessFullyWed_Dec_14_00_03_23_GMT_2022.jpg>Screenshot</a><br/>
<br><br/>
<br><br/>
<a target = "_blank" href=C:\Users\Manisha\IdeaProjects\testng-tutorialninja.com-hw-week15/test-output/html/verifyProductAddedToShoppingCartSuccessFullyWed_Dec_14_00_03_23_GMT_2022.jpg><img src=C:\Users\Manisha\IdeaProjects\testng-tutorialninja.com-hw-week15/test-output/html/verifyProductAddedToShoppingCartSuccessFullyWed_Dec_14_00_03_23_GMT_2022.jpg height=200 width=200></img></a><br/>
</div>
</td>
<td><div><pre>java.lang.AssertionError: expected [true] but found [false]
	at com.tutorialninja.testsuite.DesktopsPageTest.verifyProductAddedToShoppingCartSuccessFully(DesktopsPageTest.java:57)
	at java.util.ArrayList.forEach(ArrayList.java:1249)
	at com.intellij.rt.testng.IDEARemoteTestNG.run(IDEARemoteTestNG.java:66)
	at com.intellij.rt.testng.RemoteTestNGStarter.main(RemoteTestNGStarter.java:109)
... Removed 28 stack frames</pre></div><a href='#' onClick='toggleBox("stack-trace1527061084", this, "Click to show all stack frames", "Click to hide stack frames")'>Click to show all stack frames</a>
<div class='stack-trace' id='stack-trace1527061084'><pre>java.lang.AssertionError: expected [true] but found [false]
	at org.testng.Assert.fail(Assert.java:110)
	at org.testng.Assert.failNotEquals(Assert.java:1413)
	at org.testng.Assert.assertTrue(Assert.java:56)
	at org.testng.Assert.assertTrue(Assert.java:66)
	at com.tutorialninja.testsuite.DesktopsPageTest.verifyProductAddedToShoppingCartSuccessFully(DesktopsPageTest.java:57)
	at sun.reflect.NativeMethodAccessorImpl.invoke0(Native Method)
	at sun.reflect.NativeMethodAccessorImpl.invoke(NativeMethodAccessorImpl.java:62)
	at sun.reflect.DelegatingMethodAccessorImpl.invoke(DelegatingMethodAccessorImpl.java:43)
	at java.lang.reflect.Method.invoke(Method.java:498)
	at org.testng.internal.invokers.MethodInvocationHelper.invokeMethod(MethodInvocationHelper.java:135)
	at org.testng.internal.invokers.TestInvoker.invokeMethod(TestInvoker.java:673)
	at org.testng.internal.invokers.TestInvoker.invokeTestMethod(TestInvoker.java:220)
	at org.testng.internal.invokers.MethodRunner.runInSequence(MethodRunner.java:50)
	at org.testng.internal.invokers.TestInvoker$MethodInvocationAgent.invoke(TestInvoker.java:945)
	at org.testng.internal.invokers.TestInvoker.invokeTestMethods(TestInvoker.java:193)
	at org.testng.internal.invokers.TestMethodWorker.invokeTestMethods(TestMethodWorker.java:146)
	at org.testng.internal.invokers.TestMethodWorker.run(TestMethodWorker.java:128)
	at java.util.ArrayList.forEach(ArrayList.java:1249)
	at org.testng.TestRunner.privateRun(TestRunner.java:808)
	at org.testng.TestRunner.run(TestRunner.java:603)
	at org.testng.SuiteRunner.runTest(SuiteRunner.java:429)
	at org.testng.SuiteRunner.runSequentially(SuiteRunner.java:423)
	at org.testng.SuiteRunner.privateRun(SuiteRunner.java:383)
	at org.testng.SuiteRunner.run(SuiteRunner.java:326)
	at org.testng.SuiteRunnerWorker.runSuite(SuiteRunnerWorker.java:52)
	at org.testng.SuiteRunnerWorker.run(SuiteRunnerWorker.java:95)
	at org.testng.TestNG.runSuitesSequentially(TestNG.java:1249)
	at org.testng.TestNG.runSuitesLocally(TestNG.java:1169)
	at org.testng.TestNG.runSuites(TestNG.java:1092)
	at org.testng.TestNG.run(TestNG.java:1060)
	at com.intellij.rt.testng.IDEARemoteTestNG.run(IDEARemoteTestNG.java:66)
	at com.intellij.rt.testng.RemoteTestNGStarter.main(RemoteTestNGStarter.java:109)
</pre></div></td>
<td>9</td>
<td>com.tutorialninja.testsuite.DesktopsPageTest@76329302</td></tr>
<tr>
<td title='com.tutorialninja.testsuite.AccountLoginPageTest.verifyThatUserShouldLoginAndLogoutSuccessfully()'><b>verifyThatUserShouldLoginAndLogoutSuccessfully</b><br>Test class: com.tutorialninja.testsuite.AccountLoginPageTest<br/>
<a href="#Output-1226298219" onClick='toggleBox("Output-1226298219", this, "Show output", "Hide output");'>Show output</a>

<a href="#Output-1226298219" onClick="toggleAllBoxes();">Show all outputs</a>
<div class='log' id="Output-1226298219">
Click to see screenshot<br/>
<a target = "_blank" href=C:\Users\Manisha\IdeaProjects\testng-tutorialninja.com-hw-week15/test-output/html/verifyThatUserShouldLoginAndLogoutSuccessfullyWed_Dec_14_00_02_16_GMT_2022.jpg>Screenshot</a><br/>
<br><br/>
<br><br/>
<a target = "_blank" href=C:\Users\Manisha\IdeaProjects\testng-tutorialninja.com-hw-week15/test-output/html/verifyThatUserShouldLoginAndLogoutSuccessfullyWed_Dec_14_00_02_16_GMT_2022.jpg><img src=C:\Users\Manisha\IdeaProjects\testng-tutorialninja.com-hw-week15/test-output/html/verifyThatUserShouldLoginAndLogoutSuccessfullyWed_Dec_14_00_02_16_GMT_2022.jpg height=200 width=200></img></a><br/>
</div>
</td>
<td><div><pre>java.lang.NullPointerException
	at org.openqa.selenium.support.pagefactory.DefaultElementLocator.findElement(DefaultElementLocator.java:70)
	at org.openqa.selenium.support.pagefactory.internal.LocatingElementHandler.invoke(LocatingElementHandler.java:39)
	at com.sun.proxy.$Proxy9.toString(Unknown Source)
	at java.lang.String.valueOf(String.java:2994)
	at java.lang.StringBuilder.append(StringBuilder.java:131)
	at com.tutorialninja.pages.HomePage.clickOnMyQAccountTab(HomePage.java:80)
	at com.tutorialninja.testsuite.AccountLoginPageTest.verifyThatUserShouldLoginAndLogoutSuccessfully(AccountLoginPageTest.java:27)
	at java.util.ArrayList.forEach(ArrayList.java:1249)
	at com.intellij.rt.testng.IDEARemoteTestNG.run(IDEARemoteTestNG.java:66)
	at com.intellij.rt.testng.RemoteTestNGStarter.main(RemoteTestNGStarter.java:109)
... Removed 24 stack frames</pre></div><a href='#' onClick='toggleBox("stack-trace1226298219", this, "Click to show all stack frames", "Click to hide stack frames")'>Click to show all stack frames</a>
<div class='stack-trace' id='stack-trace1226298219'><pre>java.lang.NullPointerException
	at org.openqa.selenium.support.pagefactory.DefaultElementLocator.findElement(DefaultElementLocator.java:70)
	at org.openqa.selenium.support.pagefactory.internal.LocatingElementHandler.invoke(LocatingElementHandler.java:39)
	at com.sun.proxy.$Proxy9.toString(Unknown Source)
	at java.lang.String.valueOf(String.java:2994)
	at java.lang.StringBuilder.append(StringBuilder.java:131)
	at com.tutorialninja.pages.HomePage.clickOnMyQAccountTab(HomePage.java:80)
	at com.tutorialninja.testsuite.AccountLoginPageTest.verifyThatUserShouldLoginAndLogoutSuccessfully(AccountLoginPageTest.java:27)
	at sun.reflect.NativeMethodAccessorImpl.invoke0(Native Method)
	at sun.reflect.NativeMethodAccessorImpl.invoke(NativeMethodAccessorImpl.java:62)
	at sun.reflect.DelegatingMethodAccessorImpl.invoke(DelegatingMethodAccessorImpl.java:43)
	at java.lang.reflect.Method.invoke(Method.java:498)
	at org.testng.internal.invokers.MethodInvocationHelper.invokeMethod(MethodInvocationHelper.java:135)
	at org.testng.internal.invokers.TestInvoker.invokeMethod(TestInvoker.java:673)
	at org.testng.internal.invokers.TestInvoker.invokeTestMethod(TestInvoker.java:220)
	at org.testng.internal.invokers.MethodRunner.runInSequence(MethodRunner.java:50)
	at org.testng.internal.invokers.TestInvoker$MethodInvocationAgent.invoke(TestInvoker.java:945)
	at org.testng.internal.invokers.TestInvoker.invokeTestMethods(TestInvoker.java:193)
	at org.testng.internal.invokers.TestMethodWorker.invokeTestMethods(TestMethodWorker.java:146)
	at org.testng.internal.invokers.TestMethodWorker.run(TestMethodWorker.java:128)
	at java.util.ArrayList.forEach(ArrayList.java:1249)
	at org.testng.TestRunner.privateRun(TestRunner.java:808)
	at org.testng.TestRunner.run(TestRunner.java:603)
	at org.testng.SuiteRunner.runTest(SuiteRunner.java:429)
	at org.testng.SuiteRunner.runSequentially(SuiteRunner.java:423)
	at org.testng.SuiteRunner.privateRun(SuiteRunner.java:383)
	at org.testng.SuiteRunner.run(SuiteRunner.java:326)
	at org.testng.SuiteRunnerWorker.runSuite(SuiteRunnerWorker.java:52)
	at org.testng.SuiteRunnerWorker.run(SuiteRunnerWorker.java:95)
	at org.testng.TestNG.runSuitesSequentially(TestNG.java:1249)
	at org.testng.TestNG.runSuitesLocally(TestNG.java:1169)
	at org.testng.TestNG.runSuites(TestNG.java:1092)
	at org.testng.TestNG.run(TestNG.java:1060)
	at com.intellij.rt.testng.IDEARemoteTestNG.run(IDEARemoteTestNG.java:66)
	at com.intellij.rt.testng.RemoteTestNGStarter.main(RemoteTestNGStarter.java:109)
</pre></div></td>
<td>0</td>
<td>com.tutorialninja.testsuite.AccountLoginPageTest@2df32bf7</td></tr>
<tr>
<td title='com.tutorialninja.testsuite.AccountLoginPageTest.verifyUserShouldNavigateToLoginPageSuccessfully()'><b>verifyUserShouldNavigateToLoginPageSuccessfully</b><br>Test class: com.tutorialninja.testsuite.AccountLoginPageTest<br/>
<a href="#Output-2000421523" onClick='toggleBox("Output-2000421523", this, "Show output", "Hide output");'>Show output</a>

<a href="#Output-2000421523" onClick="toggleAllBoxes();">Show all outputs</a>
<div class='log' id="Output-2000421523">
Click to see screenshot<br/>
<a target = "_blank" href=C:\Users\Manisha\IdeaProjects\testng-tutorialninja.com-hw-week15/test-output/html/verifyUserShouldNavigateToLoginPageSuccessfullyWed_Dec_14_00_02_20_GMT_2022.jpg>Screenshot</a><br/>
<br><br/>
<br><br/>
<a target = "_blank" href=C:\Users\Manisha\IdeaProjects\testng-tutorialninja.com-hw-week15/test-output/html/verifyUserShouldNavigateToLoginPageSuccessfullyWed_Dec_14_00_02_20_GMT_2022.jpg><img src=C:\Users\Manisha\IdeaProjects\testng-tutorialninja.com-hw-week15/test-output/html/verifyUserShouldNavigateToLoginPageSuccessfullyWed_Dec_14_00_02_20_GMT_2022.jpg height=200 width=200></img></a><br/>
</div>
</td>
<td><div><pre>java.lang.NullPointerException
	at org.openqa.selenium.support.pagefactory.DefaultElementLocator.findElement(DefaultElementLocator.java:70)
	at org.openqa.selenium.support.pagefactory.internal.LocatingElementHandler.invoke(LocatingElementHandler.java:39)
	at com.sun.proxy.$Proxy9.toString(Unknown Source)
	at java.lang.String.valueOf(String.java:2994)
	at java.lang.StringBuilder.append(StringBuilder.java:131)
	at com.tutorialninja.pages.HomePage.clickOnMyQAccountTab(HomePage.java:80)
	at com.tutorialninja.testsuite.AccountLoginPageTest.verifyUserShouldNavigateToLoginPageSuccessfully(AccountLoginPageTest.java:19)
	at java.util.ArrayList.forEach(ArrayList.java:1249)
	at com.intellij.rt.testng.IDEARemoteTestNG.run(IDEARemoteTestNG.java:66)
	at com.intellij.rt.testng.RemoteTestNGStarter.main(RemoteTestNGStarter.java:109)
... Removed 24 stack frames</pre></div><a href='#' onClick='toggleBox("stack-trace2000421523", this, "Click to show all stack frames", "Click to hide stack frames")'>Click to show all stack frames</a>
<div class='stack-trace' id='stack-trace2000421523'><pre>java.lang.NullPointerException
	at org.openqa.selenium.support.pagefactory.DefaultElementLocator.findElement(DefaultElementLocator.java:70)
	at org.openqa.selenium.support.pagefactory.internal.LocatingElementHandler.invoke(LocatingElementHandler.java:39)
	at com.sun.proxy.$Proxy9.toString(Unknown Source)
	at java.lang.String.valueOf(String.java:2994)
	at java.lang.StringBuilder.append(StringBuilder.java:131)
	at com.tutorialninja.pages.HomePage.clickOnMyQAccountTab(HomePage.java:80)
	at com.tutorialninja.testsuite.AccountLoginPageTest.verifyUserShouldNavigateToLoginPageSuccessfully(AccountLoginPageTest.java:19)
	at sun.reflect.NativeMethodAccessorImpl.invoke0(Native Method)
	at sun.reflect.NativeMethodAccessorImpl.invoke(NativeMethodAccessorImpl.java:62)
	at sun.reflect.DelegatingMethodAccessorImpl.invoke(DelegatingMethodAccessorImpl.java:43)
	at java.lang.reflect.Method.invoke(Method.java:498)
	at org.testng.internal.invokers.MethodInvocationHelper.invokeMethod(MethodInvocationHelper.java:135)
	at org.testng.internal.invokers.TestInvoker.invokeMethod(TestInvoker.java:673)
	at org.testng.internal.invokers.TestInvoker.invokeTestMethod(TestInvoker.java:220)
	at org.testng.internal.invokers.MethodRunner.runInSequence(MethodRunner.java:50)
	at org.testng.internal.invokers.TestInvoker$MethodInvocationAgent.invoke(TestInvoker.java:945)
	at org.testng.internal.invokers.TestInvoker.invokeTestMethods(TestInvoker.java:193)
	at org.testng.internal.invokers.TestMethodWorker.invokeTestMethods(TestMethodWorker.java:146)
	at org.testng.internal.invokers.TestMethodWorker.run(TestMethodWorker.java:128)
	at java.util.ArrayList.forEach(ArrayList.java:1249)
	at org.testng.TestRunner.privateRun(TestRunner.java:808)
	at org.testng.TestRunner.run(TestRunner.java:603)
	at org.testng.SuiteRunner.runTest(SuiteRunner.java:429)
	at org.testng.SuiteRunner.runSequentially(SuiteRunner.java:423)
	at org.testng.SuiteRunner.privateRun(SuiteRunner.java:383)
	at org.testng.SuiteRunner.run(SuiteRunner.java:326)
	at org.testng.SuiteRunnerWorker.runSuite(SuiteRunnerWorker.java:52)
	at org.testng.SuiteRunnerWorker.run(SuiteRunnerWorker.java:95)
	at org.testng.TestNG.runSuitesSequentially(TestNG.java:1249)
	at org.testng.TestNG.runSuitesLocally(TestNG.java:1169)
	at org.testng.TestNG.runSuites(TestNG.java:1092)
	at org.testng.TestNG.run(TestNG.java:1060)
	at com.intellij.rt.testng.IDEARemoteTestNG.run(IDEARemoteTestNG.java:66)
	at com.intellij.rt.testng.RemoteTestNGStarter.main(RemoteTestNGStarter.java:109)
</pre></div></td>
<td>0</td>
<td>com.tutorialninja.testsuite.AccountLoginPageTest@2df32bf7</td></tr>
</table><p>
<table width='100%' border='1' class='invocation-passed'>
<tr><td colspan='4' align='center'><b>PASSED TESTS</b></td></tr>
<tr><td><b>Test method</b></td>
<td width="30%"><b>Exception</b></td>
<td width="10%"><b>Time (seconds)</b></td>
<td><b>Instance</b></td>
</tr>
<tr>
<td title='com.tutorialninja.testsuite.TopMenuTest.verifyUserShouldNavigateToDesktopsPageSuccessfully()'><b>verifyUserShouldNavigateToDesktopsPageSuccessfully</b><br>Test class: com.tutorialninja.testsuite.TopMenuTest<br/>
<a href="#Output-1693260012" onClick='toggleBox("Output-1693260012", this, "Show output", "Hide output");'>Show output</a>

<a href="#Output-1693260012" onClick="toggleAllBoxes();">Show all outputs</a>
<div class='log' id="Output-1693260012">
click on desktop link[[ChromeDriver: chrome on WINDOWS (3121670d76ee1aed5c2c1ba33fe18c97)] -> link text: Desktops]<br/>
</div>
</td>
<td></td>
<td>0</td>
<td>com.tutorialninja.testsuite.TopMenuTest@3ffcd140</td></tr>
<tr>
<td title='com.tutorialninja.testsuite.DesktopsPageTest.verifyProductArrangeInAlphabeticalOrder()'><b>verifyProductArrangeInAlphabeticalOrder</b><br>Test class: com.tutorialninja.testsuite.DesktopsPageTest<br/>
<a href="#Output-1552595422" onClick='toggleBox("Output-1552595422", this, "Show output", "Hide output");'>Show output</a>

<a href="#Output-1552595422" onClick="toggleAllBoxes();">Show all outputs</a>
<div class='log' id="Output-1552595422">
click on desktop link[[ChromeDriver: chrome on WINDOWS (97c6a271b43780b1ea91fb3c3e2e4234)] -> link text: Desktops]<br/>
By.xpath: //h4/a<br/>
select from option[[ChromeDriver: chrome on WINDOWS (97c6a271b43780b1ea91fb3c3e2e4234)] -> id: input-sort]<br/>
By.xpath: //h4/a<br/>
</div>
</td>
<td></td>
<td>2</td>
<td>com.tutorialninja.testsuite.DesktopsPageTest@76329302</td></tr>
<tr>
<td title='com.tutorialninja.testsuite.LaptopsAndNotebooksPageTest.verifyProductsPriceDisplayHighToLowSuccessfully()'><b>verifyProductsPriceDisplayHighToLowSuccessfully</b><br>Test class: com.tutorialninja.testsuite.LaptopsAndNotebooksPageTest<br/>
<a href="#Output-524323510" onClick='toggleBox("Output-524323510", this, "Show output", "Hide output");'>Show output</a>

<a href="#Output-524323510" onClick="toggleAllBoxes();">Show all outputs</a>
<div class='log' id="Output-524323510">
click on laptop and notebook link[[ChromeDriver: chrome on WINDOWS (e71bdf1a5652fd41f0d483654e2e3b5b)] -> link text: Laptops & Notebooks]<br/>
</div>
</td>
<td></td>
<td>1</td>
<td>com.tutorialninja.testsuite.LaptopsAndNotebooksPageTest@3e77a1ed</td></tr>
<tr>
<td title='com.tutorialninja.testsuite.AccountRegisterPageTest.verifyUserShouldNavigateToLoginPageSuccessfully()'><b>verifyUserShouldNavigateToLoginPageSuccessfully</b><br>Test class: com.tutorialninja.testsuite.AccountRegisterPageTest<br/>
<a href="#Output-100703210" onClick='toggleBox("Output-100703210", this, "Show output", "Hide output");'>Show output</a>

<a href="#Output-100703210" onClick="toggleAllBoxes();">Show all outputs</a>
<div class='log' id="Output-100703210">
click on account tab[[ChromeDriver: chrome on WINDOWS (69654804df6e347d5a331170a1c65c62)] -> xpath: //span[contains(text(),'My Account')]]<br/>
 get text from register account[[ChromeDriver: chrome on WINDOWS (69654804df6e347d5a331170a1c65c62)] -> xpath: //h1[contains(text(),'Register Account')]]<br/>
</div>
</td>
<td></td>
<td>20</td>
<td>com.tutorialninja.testsuite.AccountRegisterPageTest@4e41089d</td></tr>
<tr>
<td title='com.tutorialninja.testsuite.TopMenuTest.verifyUserShouldNavigateToComponentsPageSuccessfully()'><b>verifyUserShouldNavigateToComponentsPageSuccessfully</b><br>Test class: com.tutorialninja.testsuite.TopMenuTest<br/>
<a href="#Output-1523631882" onClick='toggleBox("Output-1523631882", this, "Show output", "Hide output");'>Show output</a>

<a href="#Output-1523631882" onClick="toggleAllBoxes();">Show all outputs</a>
<div class='log' id="Output-1523631882">
click on components link[[ChromeDriver: chrome on WINDOWS (111c930aaef818c6fb56c81a617aed69)] -> link text: Components]<br/>
get text[[ChromeDriver: chrome on WINDOWS (111c930aaef818c6fb56c81a617aed69)] -> xpath: //h2[contains(text(),'Components')]]<br/>
</div>
</td>
<td></td>
<td>0</td>
<td>com.tutorialninja.testsuite.TopMenuTest@3ffcd140</td></tr>
<tr>
<td title='com.tutorialninja.testsuite.TopMenuTest.verifyUserShouldNavigateToLaptopsAndNotebooksPageSuccessfully()'><b>verifyUserShouldNavigateToLaptopsAndNotebooksPageSuccessfully</b><br>Test class: com.tutorialninja.testsuite.TopMenuTest<br/>
<a href="#Output-459930631" onClick='toggleBox("Output-459930631", this, "Show output", "Hide output");'>Show output</a>

<a href="#Output-459930631" onClick="toggleAllBoxes();">Show all outputs</a>
<div class='log' id="Output-459930631">
click on laptop and notebook link[[ChromeDriver: chrome on WINDOWS (581ecff6df1684f83172abe1fc245659)] -> link text: Laptops & Notebooks]<br/>
</div>
</td>
<td></td>
<td>0</td>
<td>com.tutorialninja.testsuite.TopMenuTest@3ffcd140</td></tr>
</table><p>
</body>
</html>